{"level":"info","message":"File Service is running on port 3004","service":"file-service","timestamp":"2025-10-31 06:44:44"}
{"level":"info","message":"File Service is running on port 3004","service":"file-service","timestamp":"2025-10-31 06:59:29"}
{"level":"info","message":"File Service is running on port 3004","service":"file-service","timestamp":"2025-10-31 07:06:40"}
{"level":"info","message":"File Service is running on port 3004","service":"file-service","timestamp":"2025-10-31 08:14:13"}
{"level":"info","message":"File Service is running on port 3004","service":"file-service","timestamp":"2025-10-31 08:24:18"}
{"level":"info","message":"File 2T - LIỆU GIỜ ( WHAT IF ) x Venn ( Prod. KayT ).mp3 uploaded for order #1","service":"file-service","timestamp":"2025-10-31 08:30:37"}
{"level":"info","message":"File da ky am.mp3 uploaded for order #1","service":"file-service","timestamp":"2025-10-31 08:32:31"}
{"level":"info","message":"File Service is running on port 3004","service":"file-service","timestamp":"2025-10-31 11:51:32"}
{"level":"info","message":"File Service is running on port 3004","service":"file-service","timestamp":"2025-10-31 11:56:27"}
{"level":"info","message":"File Service is running on port 3004","service":"file-service","timestamp":"2025-10-31 11:56:59"}
{"level":"info","message":"File Service is running on port 3004","service":"file-service","timestamp":"2025-10-31 12:11:51"}
{"level":"info","message":"File Service is running on port 3004","service":"file-service","timestamp":"2025-10-31 15:17:20"}
{"level":"info","message":"File Service is running on port 3004","service":"file-service","timestamp":"2025-10-31 15:59:22"}
{"level":"info","message":"File Service is running on port 3004","service":"file-service","timestamp":"2025-10-31 16:03:01"}
{"level":"info","message":"File Service is running on port 3004","service":"file-service","timestamp":"2025-10-31 16:12:21"}
{"level":"info","message":"File Service is running on port 3004","service":"file-service","timestamp":"2025-10-31 16:17:49"}
{"level":"info","message":"File Service is running on port 3004","service":"file-service","timestamp":"2025-11-01 04:11:29"}
{"level":"info","message":"File Service is running on port 3004","service":"file-service","timestamp":"2025-11-01 05:51:14"}
{"level":"info","message":"File 06. Chỉ Một Đêm Nữa Thôi - RPT MCK ( ft. tlinh ) _   99%   the album.mp3 uploaded for order #2","service":"file-service","timestamp":"2025-11-01 05:53:42"}
{"level":"info","message":"File artist.mp3 uploaded for order #2","service":"file-service","timestamp":"2025-11-01 05:55:16"}
{"level":"info","message":"File Service is running on port 3004","service":"file-service","timestamp":"2025-11-01 06:04:31"}
{"level":"info","message":"File PHÓNG ZÌN ZÌN.mp3 uploaded for order #1","service":"file-service","timestamp":"2025-11-01 06:10:32"}
{"level":"info","message":"File PHÓNG ZÌN ZÌN (ky_am).mp3 uploaded for order #1","service":"file-service","timestamp":"2025-11-01 06:11:14"}
{"level":"info","message":"File Service is running on port 3004","service":"file-service","timestamp":"2025-11-01 06:27:38"}
{"level":"info","message":"File PHÓNG ZÌN ZÌN.mp3 uploaded for order #1","service":"file-service","timestamp":"2025-11-01 06:30:19"}
{"level":"info","message":"File PHÓNG ZÌN ZÌN (ky_am).mp3 uploaded for order #1","service":"file-service","timestamp":"2025-11-01 06:31:01"}
{"level":"info","message":"File Service is running on port 3004","service":"file-service","timestamp":"2025-11-01 06:40:36"}
{"level":"info","message":"File PHÓNG ZÌN ZÌN (remake).mp3 uploaded for order #1","service":"file-service","timestamp":"2025-11-01 06:42:16"}
{"level":"info","message":"File Service is running on port 3004","service":"file-service","timestamp":"2025-11-01 06:51:21"}
{"level":"info","message":"File Service is running on port 3004","service":"file-service","timestamp":"2025-11-01 07:59:20"}
{"level":"info","message":"File Service is running on port 3004","service":"file-service","timestamp":"2025-11-01 08:19:52"}
{"level":"info","message":"File Service is running on port 3004","service":"file-service","timestamp":"2025-11-01 08:27:43"}
{"level":"info","message":"File Service is running on port 3004","service":"file-service","timestamp":"2025-11-01 08:39:17"}
{"level":"info","message":"File Service is running on port 3004","service":"file-service","timestamp":"2025-11-01 08:47:03"}
{"level":"info","message":"File Khổng Minh x Châu Nhuận Phát -   E LÀ ĐÔN CHỀ    Prod.@tiengaz.mp3 uploaded for order #2","service":"file-service","timestamp":"2025-11-01 08:51:24"}
{"level":"info","message":"File E la don che (hoa_khi).mp3 uploaded for order #2","service":"file-service","timestamp":"2025-11-01 08:53:55"}
{"level":"info","message":"File Mat Troi Cua Em - Phương Ly (prod.orio) remix.mp3 uploaded for order #3","service":"file-service","timestamp":"2025-11-01 08:59:08"}
{"level":"info","message":"File Mat troi cua em.mp3 uploaded for order #3","service":"file-service","timestamp":"2025-11-01 09:10:29"}
{"level":"info","message":"File Service is running on port 3004","service":"file-service","timestamp":"2025-11-02 04:23:20"}
{"level":"info","message":"File Service is running on port 3004","service":"file-service","timestamp":"2025-11-02 04:56:22"}
{"level":"info","message":"File Service is running on port 3004","service":"file-service","timestamp":"2025-11-02 05:33:28"}
{"level":"info","message":"File MONO - EM LÀ (Kirimi Remix).mp3 uploaded for order #1","service":"file-service","timestamp":"2025-11-02 05:35:22"}
{"level":"info","message":"File Datmaniac - Souls.mp3 uploaded for order #2","service":"file-service","timestamp":"2025-11-02 05:36:48"}
{"level":"info","message":"File Service is running on port 3004","service":"file-service","timestamp":"2025-11-02 05:45:40"}
{"level":"info","message":"File Service is running on port 3004","service":"file-service","timestamp":"2025-11-02 05:52:28"}
{"level":"info","message":"File Service is running on port 3004","service":"file-service","timestamp":"2025-11-02 05:55:27"}
{"level":"info","message":"File Service is running on port 3004","service":"file-service","timestamp":"2025-11-02 06:02:38"}
{"level":"info","message":"File Mat Troi Cua Em - Phương Ly (prod.orio) remix.mp3 uploaded for order #1","service":"file-service","timestamp":"2025-11-02 06:08:38"}
{"level":"info","message":"File Mat Troi Cua Em - Phương Ly (prod.orio) remix(ky_am).mp3 uploaded for order #1","service":"file-service","timestamp":"2025-11-02 06:10:11"}
{"level":"info","message":"File Mat Troi Cua Em - Phương Ly (prod.orio) remix(ky_am_remake).mp3 uploaded for order #1","service":"file-service","timestamp":"2025-11-02 06:11:46"}
{"level":"info","message":"File Service is running on port 3004","service":"file-service","timestamp":"2025-11-02 06:20:25"}
{"level":"info","message":"File Service is running on port 3004","service":"file-service","timestamp":"2025-11-02 06:35:44"}
