{"level":"info","message":"Order Service is running on port 3002","service":"order-service","timestamp":"2025-10-31 07:06:40"}
{"level":"info","message":"Order Service is running on port 3002","service":"order-service","timestamp":"2025-10-31 08:14:13"}
{"level":"info","message":"Order Service is running on port 3002","service":"order-service","timestamp":"2025-10-31 08:24:18"}
{"level":"info","message":"New order created with ID: 1","service":"order-service","timestamp":"2025-10-31 08:30:37"}
{"level":"info","message":"Order #1 status updated to assigned","service":"order-service","timestamp":"2025-10-31 08:31:24"}
{"error":"Request failed with status code 404","level":"error","message":"Lỗi khi gửi thông báo 'order_status_updated'","service":"order-service","timestamp":"2025-10-31 08:31:24"}
{"level":"info","message":"Order #1 status updated to completed","service":"order-service","timestamp":"2025-10-31 08:32:31"}
{"error":"Request failed with status code 404","level":"error","message":"Lỗi khi gửi thông báo 'order_status_updated'","service":"order-service","timestamp":"2025-10-31 08:32:31"}
{"level":"info","message":"Payment successful for order #1","service":"order-service","timestamp":"2025-10-31 08:32:50"}
{"level":"info","message":"New feedback submitted for order #1","service":"order-service","timestamp":"2025-10-31 08:32:53"}
{"level":"info","message":"Order Service is running on port 3002","service":"order-service","timestamp":"2025-10-31 11:51:32"}
{"level":"info","message":"Order Service is running on port 3002","service":"order-service","timestamp":"2025-10-31 11:56:27"}
{"level":"info","message":"Order Service is running on port 3002","service":"order-service","timestamp":"2025-10-31 11:56:59"}
{"level":"info","message":"Order Service is running on port 3002","service":"order-service","timestamp":"2025-10-31 12:11:51"}
{"level":"info","message":"Order Service is running on port 3002","service":"order-service","timestamp":"2025-10-31 15:17:20"}
{"level":"info","message":"Order Service is running on port 3002","service":"order-service","timestamp":"2025-10-31 15:59:22"}
{"level":"info","message":"Order Service is running on port 3002","service":"order-service","timestamp":"2025-10-31 16:03:01"}
{"level":"info","message":"Order Service is running on port 3002","service":"order-service","timestamp":"2025-10-31 16:12:21"}
{"level":"info","message":"Order Service is running on port 3002","service":"order-service","timestamp":"2025-10-31 16:17:49"}
{"level":"info","message":"Order Service is running on port 3002","service":"order-service","timestamp":"2025-11-01 04:11:29"}
{"level":"info","message":"Order Service is running on port 3002","service":"order-service","timestamp":"2025-11-01 05:51:14"}
{"level":"info","message":"New order created with ID: 2","service":"order-service","timestamp":"2025-11-01 05:53:42"}
{"level":"info","message":"Order #2 status updated to assigned","service":"order-service","timestamp":"2025-11-01 05:54:24"}
{"error":"Request failed with status code 404","level":"error","message":"Lỗi khi gửi thông báo 'order_status_updated'","service":"order-service","timestamp":"2025-11-01 05:54:24"}
{"level":"info","message":"Order #2 status updated to completed","service":"order-service","timestamp":"2025-11-01 05:55:16"}
{"error":"Request failed with status code 404","level":"error","message":"Lỗi khi gửi thông báo 'order_status_updated'","service":"order-service","timestamp":"2025-11-01 05:55:16"}
{"ip":"::ffff:172.19.0.1","level":"error","message":"Data truncated for column 'status' at row 1","method":"POST","service":"order-service","stack":"Error: Data truncated for column 'status' at row 1\n    at PromisePool.execute (/app/node_modules/mysql2/lib/promise/pool.js:54:22)\n    at /app/index.js:194:39\n    at /app/shared/middleware/errorHandler.js:42:19\n    at Layer.handleRequest (/app/node_modules/router/lib/layer.js:152:17)\n    at next (/app/node_modules/router/lib/route.js:157:13)\n    at validate (/app/shared/middleware/validation.js:14:3)\n    at Layer.handleRequest (/app/node_modules/router/lib/layer.js:152:17)\n    at next (/app/node_modules/router/lib/route.js:157:13)\n    at middleware (/app/node_modules/express-validator/lib/middlewares/check.js:16:13)\n    at process.processTicksAndRejections (node:internal/process/task_queues:95:5)","timestamp":"2025-11-01 05:56:35","url":"/orders/2/request-revision"}
{"ip":"::ffff:172.19.0.1","level":"error","message":"Data truncated for column 'status' at row 1","method":"POST","service":"order-service","stack":"Error: Data truncated for column 'status' at row 1\n    at PromisePool.execute (/app/node_modules/mysql2/lib/promise/pool.js:54:22)\n    at /app/index.js:194:39\n    at /app/shared/middleware/errorHandler.js:42:19\n    at Layer.handleRequest (/app/node_modules/router/lib/layer.js:152:17)\n    at next (/app/node_modules/router/lib/route.js:157:13)\n    at validate (/app/shared/middleware/validation.js:14:3)\n    at Layer.handleRequest (/app/node_modules/router/lib/layer.js:152:17)\n    at next (/app/node_modules/router/lib/route.js:157:13)\n    at middleware (/app/node_modules/express-validator/lib/middlewares/check.js:16:13)\n    at process.processTicksAndRejections (node:internal/process/task_queues:95:5)","timestamp":"2025-11-01 05:56:46","url":"/orders/2/request-revision"}
{"level":"info","message":"Order Service is running on port 3002","service":"order-service","timestamp":"2025-11-01 06:04:31"}
{"ip":"::ffff:172.19.0.1","level":"error","message":"Không tìm thấy đường dẫn - /orders/2/request-revision","method":"GET","service":"order-service","stack":"Error: Không tìm thấy đường dẫn - /orders/2/request-revision\n    at notFound (/app/shared/middleware/errorHandler.js:46:17)\n    at Layer.handleRequest (/app/node_modules/router/lib/layer.js:152:17)\n    at trimPrefix (/app/node_modules/router/index.js:342:13)\n    at /app/node_modules/router/index.js:297:9\n    at processParams (/app/node_modules/router/index.js:582:12)\n    at next (/app/node_modules/router/index.js:291:5)\n    at jsonParser (/app/node_modules/body-parser/lib/types/json.js:100:7)\n    at Layer.handleRequest (/app/node_modules/router/lib/layer.js:152:17)\n    at trimPrefix (/app/node_modules/router/index.js:342:13)\n    at /app/node_modules/router/index.js:297:9","timestamp":"2025-11-01 06:09:04","url":"/orders/2/request-revision"}
{"ip":"::ffff:172.19.0.1","level":"error","message":"Không tìm thấy đường dẫn - /favicon.ico","method":"GET","service":"order-service","stack":"Error: Không tìm thấy đường dẫn - /favicon.ico\n    at notFound (/app/shared/middleware/errorHandler.js:46:17)\n    at Layer.handleRequest (/app/node_modules/router/lib/layer.js:152:17)\n    at trimPrefix (/app/node_modules/router/index.js:342:13)\n    at /app/node_modules/router/index.js:297:9\n    at processParams (/app/node_modules/router/index.js:582:12)\n    at next (/app/node_modules/router/index.js:291:5)\n    at jsonParser (/app/node_modules/body-parser/lib/types/json.js:100:7)\n    at Layer.handleRequest (/app/node_modules/router/lib/layer.js:152:17)\n    at trimPrefix (/app/node_modules/router/index.js:342:13)\n    at /app/node_modules/router/index.js:297:9","timestamp":"2025-11-01 06:09:04","url":"/favicon.ico"}
{"level":"info","message":"New order created with ID: 1","service":"order-service","timestamp":"2025-11-01 06:10:32"}
{"level":"info","message":"Order #1 status updated to assigned","service":"order-service","timestamp":"2025-11-01 06:10:49"}
{"error":"Request failed with status code 404","level":"error","message":"Lỗi khi gửi thông báo 'order_status_updated'","service":"order-service","timestamp":"2025-11-01 06:10:49"}
{"level":"info","message":"Order #1 status updated to completed","service":"order-service","timestamp":"2025-11-01 06:11:14"}
{"error":"Request failed with status code 404","level":"error","message":"Lỗi khi gửi thông báo 'order_status_updated'","service":"order-service","timestamp":"2025-11-01 06:11:14"}
{"level":"info","message":"Revision requested for order #1","service":"order-service","timestamp":"2025-11-01 06:11:41"}
{"error":"Request failed with status code 404","level":"error","message":"Lỗi khi gửi thông báo 'revision_requested'","service":"order-service","timestamp":"2025-11-01 06:11:41"}
{"level":"info","message":"Order Service is running on port 3002","service":"order-service","timestamp":"2025-11-01 06:27:38"}
{"level":"info","message":"New order created with ID: 1","service":"order-service","timestamp":"2025-11-01 06:30:19"}
{"level":"info","message":"Order #1 status updated to assigned","service":"order-service","timestamp":"2025-11-01 06:30:35"}
{"error":"Request failed with status code 404","level":"error","message":"Lỗi khi gửi thông báo 'order_status_updated'","service":"order-service","timestamp":"2025-11-01 06:30:35"}
{"level":"info","message":"Order #1 status updated to completed","service":"order-service","timestamp":"2025-11-01 06:31:01"}
{"error":"Request failed with status code 404","level":"error","message":"Lỗi khi gửi thông báo 'order_status_updated'","service":"order-service","timestamp":"2025-11-01 06:31:01"}
{"level":"error","message":"Request failed with status code 500","service":"order-service","timestamp":"2025-11-01 06:31:38"}
{"ip":"::ffff:172.19.0.1","level":"error","message":"Không thể mở lại công việc cho chuyên viên.","method":"POST","service":"order-service","stack":"Error: Không thể mở lại công việc cho chuyên viên.\n    at /app/index.js:210:15\n    at process.processTicksAndRejections (node:internal/process/task_queues:95:5)","timestamp":"2025-11-01 06:31:38","url":"/orders/1/request-revision"}
{"level":"error","message":"Request failed with status code 500","service":"order-service","timestamp":"2025-11-01 06:31:46"}
{"ip":"::ffff:172.19.0.1","level":"error","message":"Không thể mở lại công việc cho chuyên viên.","method":"POST","service":"order-service","stack":"Error: Không thể mở lại công việc cho chuyên viên.\n    at /app/index.js:210:15\n    at process.processTicksAndRejections (node:internal/process/task_queues:95:5)","timestamp":"2025-11-01 06:31:46","url":"/orders/1/request-revision"}
{"level":"info","message":"Order Service is running on port 3002","service":"order-service","timestamp":"2025-11-01 06:40:36"}
{"level":"info","message":"Revision requested for order #1","service":"order-service","timestamp":"2025-11-01 06:41:15"}
{"error":"Request failed with status code 404","level":"error","message":"Lỗi khi gửi thông báo 'revision_requested'","service":"order-service","timestamp":"2025-11-01 06:41:15"}
{"level":"info","message":"Order #1 status updated to completed","service":"order-service","timestamp":"2025-11-01 06:42:16"}
{"error":"Request failed with status code 404","level":"error","message":"Lỗi khi gửi thông báo 'order_status_updated'","service":"order-service","timestamp":"2025-11-01 06:42:16"}
{"level":"info","message":"Order Service is running on port 3002","service":"order-service","timestamp":"2025-11-01 06:51:21"}
{"level":"info","message":"Payment successful for order #1","service":"order-service","timestamp":"2025-11-01 06:51:43"}
{"level":"info","message":"New feedback submitted for order #1","service":"order-service","timestamp":"2025-11-01 06:52:03"}
{"level":"info","message":"Order Service is running on port 3002","service":"order-service","timestamp":"2025-11-01 07:59:20"}
{"level":"info","message":"Order Service is running on port 3002","service":"order-service","timestamp":"2025-11-01 08:19:52"}
{"level":"info","message":"Order Service is running on port 3002","service":"order-service","timestamp":"2025-11-01 08:27:43"}
{"level":"info","message":"Order Service is running on port 3002","service":"order-service","timestamp":"2025-11-01 08:39:17"}
{"level":"info","message":"Order Service is running on port 3002","service":"order-service","timestamp":"2025-11-01 08:47:03"}
{"level":"info","message":"New order created with ID: 2","service":"order-service","timestamp":"2025-11-01 08:51:24"}
{"level":"info","message":"Order #2 status updated to assigned","service":"order-service","timestamp":"2025-11-01 08:52:02"}
{"error":"Request failed with status code 404","level":"error","message":"Lỗi khi gửi thông báo 'order_status_updated'","service":"order-service","timestamp":"2025-11-01 08:52:02"}
{"level":"info","message":"Order #2 status updated to completed","service":"order-service","timestamp":"2025-11-01 08:53:55"}
{"error":"Request failed with status code 404","level":"error","message":"Lỗi khi gửi thông báo 'order_status_updated'","service":"order-service","timestamp":"2025-11-01 08:53:55"}
{"level":"info","message":"Revision requested for order #2","service":"order-service","timestamp":"2025-11-01 08:55:27"}
{"error":"Request failed with status code 404","level":"error","message":"Lỗi khi gửi thông báo 'revision_requested'","service":"order-service","timestamp":"2025-11-01 08:55:27"}
{"level":"info","message":"New order created with ID: 3","service":"order-service","timestamp":"2025-11-01 08:59:08"}
{"level":"info","message":"Order #3 status updated to assigned","service":"order-service","timestamp":"2025-11-01 09:03:29"}
{"error":"Request failed with status code 404","level":"error","message":"Lỗi khi gửi thông báo 'order_status_updated'","service":"order-service","timestamp":"2025-11-01 09:03:29"}
{"level":"info","message":"Order #3 status updated to completed","service":"order-service","timestamp":"2025-11-01 09:10:29"}
{"error":"Request failed with status code 404","level":"error","message":"Lỗi khi gửi thông báo 'order_status_updated'","service":"order-service","timestamp":"2025-11-01 09:10:29"}
{"level":"info","message":"Order Service is running on port 3002","service":"order-service","timestamp":"2025-11-02 04:23:20"}
{"level":"info","message":"Order Service is running on port 3002","service":"order-service","timestamp":"2025-11-02 04:56:22"}
{"level":"info","message":"Order Service is running on port 3002","service":"order-service","timestamp":"2025-11-02 05:33:27"}
{"level":"info","message":"New order created with ID: 1","service":"order-service","timestamp":"2025-11-02 05:35:21"}
{"level":"info","message":"New order created with ID: 2","service":"order-service","timestamp":"2025-11-02 05:36:48"}
{"level":"info","message":"Order Service is running on port 3002","service":"order-service","timestamp":"2025-11-02 05:45:40"}
{"level":"info","message":"Order #1 status updated to assigned","service":"order-service","timestamp":"2025-11-02 05:46:19"}
{"error":"Request failed with status code 404","level":"error","message":"Lỗi khi gửi thông báo 'order_status_updated'","service":"order-service","timestamp":"2025-11-02 05:46:19"}
{"level":"info","message":"Order #1 status updated to in_progress","service":"order-service","timestamp":"2025-11-02 05:47:07"}
{"error":"Request failed with status code 404","level":"error","message":"Lỗi khi gửi thông báo 'order_status_updated'","service":"order-service","timestamp":"2025-11-02 05:47:07"}
{"level":"info","message":"Order Service is running on port 3002","service":"order-service","timestamp":"2025-11-02 05:52:28"}
{"level":"info","message":"Order Service is running on port 3002","service":"order-service","timestamp":"2025-11-02 05:55:27"}
{"level":"info","message":"Order Service is running on port 3002","service":"order-service","timestamp":"2025-11-02 06:02:38"}
{"level":"info","message":"New order created with ID: 1","service":"order-service","timestamp":"2025-11-02 06:08:38"}
{"level":"info","message":"Order #1 status updated to assigned","service":"order-service","timestamp":"2025-11-02 06:09:29"}
{"error":"Request failed with status code 404","level":"error","message":"Lỗi khi gửi thông báo 'order_status_updated'","service":"order-service","timestamp":"2025-11-02 06:09:29"}
{"level":"info","message":"Order #1 status updated to in_progress","service":"order-service","timestamp":"2025-11-02 06:09:48"}
{"error":"Request failed with status code 404","level":"error","message":"Lỗi khi gửi thông báo 'order_status_updated'","service":"order-service","timestamp":"2025-11-02 06:09:48"}
{"level":"info","message":"Order #1 status updated to completed","service":"order-service","timestamp":"2025-11-02 06:10:11"}
{"error":"Request failed with status code 404","level":"error","message":"Lỗi khi gửi thông báo 'order_status_updated'","service":"order-service","timestamp":"2025-11-02 06:10:11"}
{"level":"info","message":"Revision requested for order #1","service":"order-service","timestamp":"2025-11-02 06:10:58"}
{"error":"Request failed with status code 404","level":"error","message":"Lỗi khi gửi thông báo 'revision_requested'","service":"order-service","timestamp":"2025-11-02 06:10:58"}
{"level":"info","message":"Order #1 status updated to completed","service":"order-service","timestamp":"2025-11-02 06:11:46"}
{"error":"Request failed with status code 404","level":"error","message":"Lỗi khi gửi thông báo 'order_status_updated'","service":"order-service","timestamp":"2025-11-02 06:11:46"}
{"level":"info","message":"Payment successful for order #1","service":"order-service","timestamp":"2025-11-02 06:12:12"}
{"level":"info","message":"New feedback submitted for order #1","service":"order-service","timestamp":"2025-11-02 06:12:40"}
{"level":"info","message":"Order Service is running on port 3002","service":"order-service","timestamp":"2025-11-02 06:20:24"}
{"level":"info","message":"Order Service is running on port 3002","service":"order-service","timestamp":"2025-11-02 06:35:43"}
{"level":"info","message":"Order Service is running on port 3002","service":"order-service","timestamp":"2025-11-02 15:12:16"}
{"level":"info","message":"Order Service is running on port 3002","service":"order-service","timestamp":"2025-11-03 03:34:05"}
{"level":"info","message":"Order Service is running on port 3002","service":"order-service","timestamp":"2025-11-03 03:42:43"}
{"level":"info","message":"New order created with ID: 1","service":"order-service","timestamp":"2025-11-03 03:43:52"}
{"level":"info","message":"Order #1 status updated to assigned","service":"order-service","timestamp":"2025-11-03 03:45:14"}
{"error":"Request failed with status code 404","level":"error","message":"Lỗi khi gửi thông báo 'order_status_updated'","service":"order-service","timestamp":"2025-11-03 03:45:14"}
{"level":"info","message":"Order Service is running on port 3002","service":"order-service","timestamp":"2025-11-03 03:51:17"}
{"level":"info","message":"Order Service is running on port 3002","service":"order-service","timestamp":"2025-11-03 03:57:25"}
{"level":"info","message":"Order #1 status updated to in_progress","service":"order-service","timestamp":"2025-11-03 03:58:00"}
{"error":"Request failed with status code 404","level":"error","message":"Lỗi khi gửi thông báo 'order_status_updated'","service":"order-service","timestamp":"2025-11-03 03:58:00"}
{"level":"info","message":"Order #1 status updated to in_progress","service":"order-service","timestamp":"2025-11-03 03:58:09"}
{"error":"Request failed with status code 404","level":"error","message":"Lỗi khi gửi thông báo 'order_status_updated'","service":"order-service","timestamp":"2025-11-03 03:58:09"}
{"level":"info","message":"Order #1 status updated to completed","service":"order-service","timestamp":"2025-11-03 04:02:31"}
{"error":"Request failed with status code 404","level":"error","message":"Lỗi khi gửi thông báo 'order_status_updated'","service":"order-service","timestamp":"2025-11-03 04:02:31"}
{"level":"info","message":"New order created with ID: 2","service":"order-service","timestamp":"2025-11-03 04:03:57"}
{"level":"info","message":"Order #2 status updated to assigned","service":"order-service","timestamp":"2025-11-03 04:04:08"}
{"error":"Request failed with status code 404","level":"error","message":"Lỗi khi gửi thông báo 'order_status_updated'","service":"order-service","timestamp":"2025-11-03 04:04:08"}
{"level":"info","message":"Order Service is running on port 3002","service":"order-service","timestamp":"2025-11-03 04:08:02"}
{"level":"info","message":"Order #2 status updated to in_progress","service":"order-service","timestamp":"2025-11-03 04:08:42"}
{"error":"Request failed with status code 404","level":"error","message":"Lỗi khi gửi thông báo 'order_status_updated'","service":"order-service","timestamp":"2025-11-03 04:08:42"}
{"level":"info","message":"Order Service is running on port 3002","service":"order-service","timestamp":"2025-11-03 04:11:44"}
{"level":"info","message":"Order #2 status updated to completed","service":"order-service","timestamp":"2025-11-03 04:12:39"}
{"error":"Request failed with status code 404","level":"error","message":"Lỗi khi gửi thông báo 'order_status_updated'","service":"order-service","timestamp":"2025-11-03 04:12:39"}
{"level":"info","message":"New order created with ID: 3","service":"order-service","timestamp":"2025-11-03 04:14:51"}
{"level":"info","message":"Order #3 status updated to assigned","service":"order-service","timestamp":"2025-11-03 04:15:04"}
{"error":"Request failed with status code 404","level":"error","message":"Lỗi khi gửi thông báo 'order_status_updated'","service":"order-service","timestamp":"2025-11-03 04:15:04"}
{"level":"info","message":"Order #3 status updated to in_progress","service":"order-service","timestamp":"2025-11-03 04:16:38"}
{"error":"Request failed with status code 404","level":"error","message":"Lỗi khi gửi thông báo 'order_status_updated'","service":"order-service","timestamp":"2025-11-03 04:16:38"}
{"level":"info","message":"Order #3 status updated to in_progress","service":"order-service","timestamp":"2025-11-03 04:17:05"}
{"error":"Request failed with status code 404","level":"error","message":"Lỗi khi gửi thông báo 'order_status_updated'","service":"order-service","timestamp":"2025-11-03 04:17:05"}
{"level":"info","message":"Order #3 status updated to in_progress","service":"order-service","timestamp":"2025-11-03 04:17:22"}
{"error":"Request failed with status code 404","level":"error","message":"Lỗi khi gửi thông báo 'order_status_updated'","service":"order-service","timestamp":"2025-11-03 04:17:22"}
{"level":"info","message":"Order Service is running on port 3002","service":"order-service","timestamp":"2025-11-03 04:22:35"}
{"level":"info","message":"Order #3 status updated to completed","service":"order-service","timestamp":"2025-11-03 04:23:50"}
{"error":"Request failed with status code 404","level":"error","message":"Lỗi khi gửi thông báo 'order_status_updated'","service":"order-service","timestamp":"2025-11-03 04:23:50"}
{"level":"info","message":"Order Service is running on port 3002","service":"order-service","timestamp":"2025-11-03 04:42:47"}
{"ip":"::ffff:172.19.0.1","level":"error","message":"Không tìm thấy đơn hàng.","method":"GET","service":"order-service","stack":"Error: Không tìm thấy đơn hàng.\n    at /app/index.js:140:7\n    at process.processTicksAndRejections (node:internal/process/task_queues:95:5)","timestamp":"2025-11-03 04:43:02","url":"/orders/1"}
{"level":"info","message":"New order created with ID: 1","service":"order-service","timestamp":"2025-11-03 04:43:43"}
{"level":"info","message":"Order Service is running on port 3002","service":"order-service","timestamp":"2025-11-03 04:53:14"}
{"level":"info","message":"New order created with ID: 2","service":"order-service","timestamp":"2025-11-03 04:54:11"}
{"level":"info","message":"Order #2 status updated to assigned","service":"order-service","timestamp":"2025-11-03 04:54:43"}
{"error":"Request failed with status code 404","level":"error","message":"Lỗi khi gửi thông báo 'order_status_updated'","service":"order-service","timestamp":"2025-11-03 04:54:43"}
{"level":"info","message":"Order Service is running on port 3002","service":"order-service","timestamp":"2025-11-03 05:01:49"}
{"level":"info","message":"Order Service is running on port 3002","service":"order-service","timestamp":"2025-11-03 05:09:07"}
{"level":"info","message":"Order #2 status updated to in_progress","service":"order-service","timestamp":"2025-11-03 05:09:52"}
{"error":"Request failed with status code 404","level":"error","message":"Lỗi khi gửi thông báo 'order_status_updated'","service":"order-service","timestamp":"2025-11-03 05:09:52"}
{"level":"info","message":"Order #2 status updated to completed","service":"order-service","timestamp":"2025-11-03 05:10:55"}
{"error":"Request failed with status code 404","level":"error","message":"Lỗi khi gửi thông báo 'order_status_updated'","service":"order-service","timestamp":"2025-11-03 05:10:55"}
{"level":"info","message":"Order #1 status updated to assigned","service":"order-service","timestamp":"2025-11-03 05:11:54"}
{"error":"Request failed with status code 404","level":"error","message":"Lỗi khi gửi thông báo 'order_status_updated'","service":"order-service","timestamp":"2025-11-03 05:11:54"}
{"level":"info","message":"Order #1 status updated to in_progress","service":"order-service","timestamp":"2025-11-03 05:12:04"}
{"error":"Request failed with status code 404","level":"error","message":"Lỗi khi gửi thông báo 'order_status_updated'","service":"order-service","timestamp":"2025-11-03 05:12:04"}
{"level":"info","message":"Order #1 status updated to completed","service":"order-service","timestamp":"2025-11-03 05:14:15"}
{"error":"Request failed with status code 404","level":"error","message":"Lỗi khi gửi thông báo 'order_status_updated'","service":"order-service","timestamp":"2025-11-03 05:14:15"}
{"level":"info","message":"Payment successful for order #2","service":"order-service","timestamp":"2025-11-03 05:14:53"}
{"level":"info","message":"New feedback submitted for order #2","service":"order-service","timestamp":"2025-11-03 05:15:00"}
{"level":"info","message":"Order Service is running on port 3002","service":"order-service","timestamp":"2025-11-03 06:46:04"}
{"level":"info","message":"Order Service is running on port 3002","service":"order-service","timestamp":"2025-11-03 07:04:14"}
{"level":"info","message":"Order Service is running on port 3002","service":"order-service","timestamp":"2025-11-03 07:05:08"}
{"level":"info","message":"Payment successful for order #1","service":"order-service","timestamp":"2025-11-03 07:08:06"}
{"level":"info","message":"New feedback submitted for order #1","service":"order-service","timestamp":"2025-11-03 07:08:34"}
{"level":"info","message":"New order created with ID: 3","service":"order-service","timestamp":"2025-11-03 07:17:35"}
{"level":"info","message":"Order Service is running on port 3002","service":"order-service","timestamp":"2025-11-03 07:50:31"}
{"level":"info","message":"Order Service is running on port 3002","service":"order-service","timestamp":"2025-11-04 04:13:42"}
{"level":"info","message":"Order Service is running on port 3002","service":"order-service","timestamp":"2025-11-04 04:20:29"}
{"level":"info","message":"Order Service is running on port 3002","service":"order-service","timestamp":"2025-11-04 04:24:51"}
{"level":"info","message":"Order Service is running on port 3002","service":"order-service","timestamp":"2025-11-04 04:30:20"}
{"level":"info","message":"Order Service is running on port 3002","service":"order-service","timestamp":"2025-11-04 04:50:44"}
{"level":"info","message":"Order Service is running on port 3002","service":"order-service","timestamp":"2025-11-04 04:59:07"}
{"level":"info","message":"Order Service is running on port 3002","service":"order-service","timestamp":"2025-11-04 04:59:37"}
{"level":"info","message":"Order Service is running on port 3002","service":"order-service","timestamp":"2025-11-04 05:11:59"}
{"level":"info","message":"Order Service is running on port 3002","service":"order-service","timestamp":"2025-11-04 05:14:04"}
{"level":"info","message":"Order Service is running on port 3002","service":"order-service","timestamp":"2025-11-04 05:21:56"}
{"level":"info","message":"Order Service is running on port 3002","service":"order-service","timestamp":"2025-11-04 05:30:44"}
{"level":"info","message":"Order Service is running on port 3002","service":"order-service","timestamp":"2025-11-04 13:56:44"}
{"level":"info","message":"Order-service đã kết nối với Redis Cache.","service":"order-service","timestamp":"2025-11-04 13:56:45"}
{"ip":"::ffff:172.18.0.11","level":"error","message":"Không tìm thấy đường dẫn - /1","method":"GET","service":"order-service","stack":"Error: Không tìm thấy đường dẫn - /1\n    at notFound (/app/shared/middleware/errorHandler.js:46:17)\n    at Layer.handleRequest (/app/node_modules/router/lib/layer.js:152:17)\n    at trimPrefix (/app/node_modules/router/index.js:342:13)\n    at /app/node_modules/router/index.js:297:9\n    at processParams (/app/node_modules/router/index.js:582:12)\n    at next (/app/node_modules/router/index.js:291:5)\n    at jsonParser (/app/node_modules/body-parser/lib/types/json.js:109:7)\n    at Layer.handleRequest (/app/node_modules/router/lib/layer.js:152:17)\n    at trimPrefix (/app/node_modules/router/index.js:342:13)\n    at /app/node_modules/router/index.js:297:9","timestamp":"2025-11-04 14:21:29","url":"/1"}
{"ip":"::ffff:172.18.0.11","level":"error","message":"Không tìm thấy đường dẫn - /1","method":"GET","service":"order-service","stack":"Error: Không tìm thấy đường dẫn - /1\n    at notFound (/app/shared/middleware/errorHandler.js:46:17)\n    at Layer.handleRequest (/app/node_modules/router/lib/layer.js:152:17)\n    at trimPrefix (/app/node_modules/router/index.js:342:13)\n    at /app/node_modules/router/index.js:297:9\n    at processParams (/app/node_modules/router/index.js:582:12)\n    at next (/app/node_modules/router/index.js:291:5)\n    at jsonParser (/app/node_modules/body-parser/lib/types/json.js:109:7)\n    at Layer.handleRequest (/app/node_modules/router/lib/layer.js:152:17)\n    at trimPrefix (/app/node_modules/router/index.js:342:13)\n    at /app/node_modules/router/index.js:297:9","timestamp":"2025-11-04 14:23:48","url":"/1"}
{"ip":"::ffff:172.18.0.11","level":"error","message":"Không tìm thấy đường dẫn - /1","method":"GET","service":"order-service","stack":"Error: Không tìm thấy đường dẫn - /1\n    at notFound (/app/shared/middleware/errorHandler.js:46:17)\n    at Layer.handleRequest (/app/node_modules/router/lib/layer.js:152:17)\n    at trimPrefix (/app/node_modules/router/index.js:342:13)\n    at /app/node_modules/router/index.js:297:9\n    at processParams (/app/node_modules/router/index.js:582:12)\n    at next (/app/node_modules/router/index.js:291:5)\n    at jsonParser (/app/node_modules/body-parser/lib/types/json.js:109:7)\n    at Layer.handleRequest (/app/node_modules/router/lib/layer.js:152:17)\n    at trimPrefix (/app/node_modules/router/index.js:342:13)\n    at /app/node_modules/router/index.js:297:9","timestamp":"2025-11-04 14:25:07","url":"/1"}
{"level":"info","message":"Order Service is running on port 3002","service":"order-service","timestamp":"2025-11-04 14:36:26"}
{"level":"info","message":"Order-service đã kết nối với Redis Cache.","service":"order-service","timestamp":"2025-11-04 14:36:26"}
{"ip":"::ffff:172.18.0.11","level":"error","message":"Không tìm thấy đơn hàng.","method":"GET","service":"order-service","stack":"Error: Không tìm thấy đơn hàng.\n    at /app/index.js:188:15\n    at process.processTicksAndRejections (node:internal/process/task_queues:95:5)","timestamp":"2025-11-04 14:38:49","url":"/1"}
{"ip":"::ffff:172.18.0.11","level":"error","message":"Không tìm thấy đơn hàng.","method":"GET","service":"order-service","stack":"Error: Không tìm thấy đơn hàng.\n    at /app/index.js:188:15\n    at process.processTicksAndRejections (node:internal/process/task_queues:95:5)","timestamp":"2025-11-04 14:39:49","url":"/1"}
{"level":"info","message":"New order created with ID: 1","service":"order-service","timestamp":"2025-11-04 14:51:56"}
