{"error":"Request failed with status code 404","level":"error","message":"Lỗi khi gửi thông báo 'order_status_updated'","service":"order-service","timestamp":"2025-10-31 08:31:24"}
{"error":"Request failed with status code 404","level":"error","message":"Lỗi khi gửi thông báo 'order_status_updated'","service":"order-service","timestamp":"2025-10-31 08:32:31"}
{"error":"Request failed with status code 404","level":"error","message":"Lỗi khi gửi thông báo 'order_status_updated'","service":"order-service","timestamp":"2025-11-01 05:54:24"}
{"error":"Request failed with status code 404","level":"error","message":"Lỗi khi gửi thông báo 'order_status_updated'","service":"order-service","timestamp":"2025-11-01 05:55:16"}
{"ip":"::ffff:172.19.0.1","level":"error","message":"Data truncated for column 'status' at row 1","method":"POST","service":"order-service","stack":"Error: Data truncated for column 'status' at row 1\n    at PromisePool.execute (/app/node_modules/mysql2/lib/promise/pool.js:54:22)\n    at /app/index.js:194:39\n    at /app/shared/middleware/errorHandler.js:42:19\n    at Layer.handleRequest (/app/node_modules/router/lib/layer.js:152:17)\n    at next (/app/node_modules/router/lib/route.js:157:13)\n    at validate (/app/shared/middleware/validation.js:14:3)\n    at Layer.handleRequest (/app/node_modules/router/lib/layer.js:152:17)\n    at next (/app/node_modules/router/lib/route.js:157:13)\n    at middleware (/app/node_modules/express-validator/lib/middlewares/check.js:16:13)\n    at process.processTicksAndRejections (node:internal/process/task_queues:95:5)","timestamp":"2025-11-01 05:56:35","url":"/orders/2/request-revision"}
{"ip":"::ffff:172.19.0.1","level":"error","message":"Data truncated for column 'status' at row 1","method":"POST","service":"order-service","stack":"Error: Data truncated for column 'status' at row 1\n    at PromisePool.execute (/app/node_modules/mysql2/lib/promise/pool.js:54:22)\n    at /app/index.js:194:39\n    at /app/shared/middleware/errorHandler.js:42:19\n    at Layer.handleRequest (/app/node_modules/router/lib/layer.js:152:17)\n    at next (/app/node_modules/router/lib/route.js:157:13)\n    at validate (/app/shared/middleware/validation.js:14:3)\n    at Layer.handleRequest (/app/node_modules/router/lib/layer.js:152:17)\n    at next (/app/node_modules/router/lib/route.js:157:13)\n    at middleware (/app/node_modules/express-validator/lib/middlewares/check.js:16:13)\n    at process.processTicksAndRejections (node:internal/process/task_queues:95:5)","timestamp":"2025-11-01 05:56:46","url":"/orders/2/request-revision"}
{"ip":"::ffff:172.19.0.1","level":"error","message":"Không tìm thấy đường dẫn - /orders/2/request-revision","method":"GET","service":"order-service","stack":"Error: Không tìm thấy đường dẫn - /orders/2/request-revision\n    at notFound (/app/shared/middleware/errorHandler.js:46:17)\n    at Layer.handleRequest (/app/node_modules/router/lib/layer.js:152:17)\n    at trimPrefix (/app/node_modules/router/index.js:342:13)\n    at /app/node_modules/router/index.js:297:9\n    at processParams (/app/node_modules/router/index.js:582:12)\n    at next (/app/node_modules/router/index.js:291:5)\n    at jsonParser (/app/node_modules/body-parser/lib/types/json.js:100:7)\n    at Layer.handleRequest (/app/node_modules/router/lib/layer.js:152:17)\n    at trimPrefix (/app/node_modules/router/index.js:342:13)\n    at /app/node_modules/router/index.js:297:9","timestamp":"2025-11-01 06:09:04","url":"/orders/2/request-revision"}
{"ip":"::ffff:172.19.0.1","level":"error","message":"Không tìm thấy đường dẫn - /favicon.ico","method":"GET","service":"order-service","stack":"Error: Không tìm thấy đường dẫn - /favicon.ico\n    at notFound (/app/shared/middleware/errorHandler.js:46:17)\n    at Layer.handleRequest (/app/node_modules/router/lib/layer.js:152:17)\n    at trimPrefix (/app/node_modules/router/index.js:342:13)\n    at /app/node_modules/router/index.js:297:9\n    at processParams (/app/node_modules/router/index.js:582:12)\n    at next (/app/node_modules/router/index.js:291:5)\n    at jsonParser (/app/node_modules/body-parser/lib/types/json.js:100:7)\n    at Layer.handleRequest (/app/node_modules/router/lib/layer.js:152:17)\n    at trimPrefix (/app/node_modules/router/index.js:342:13)\n    at /app/node_modules/router/index.js:297:9","timestamp":"2025-11-01 06:09:04","url":"/favicon.ico"}
{"error":"Request failed with status code 404","level":"error","message":"Lỗi khi gửi thông báo 'order_status_updated'","service":"order-service","timestamp":"2025-11-01 06:10:49"}
{"error":"Request failed with status code 404","level":"error","message":"Lỗi khi gửi thông báo 'order_status_updated'","service":"order-service","timestamp":"2025-11-01 06:11:14"}
{"error":"Request failed with status code 404","level":"error","message":"Lỗi khi gửi thông báo 'revision_requested'","service":"order-service","timestamp":"2025-11-01 06:11:41"}
{"error":"Request failed with status code 404","level":"error","message":"Lỗi khi gửi thông báo 'order_status_updated'","service":"order-service","timestamp":"2025-11-01 06:30:35"}
{"error":"Request failed with status code 404","level":"error","message":"Lỗi khi gửi thông báo 'order_status_updated'","service":"order-service","timestamp":"2025-11-01 06:31:01"}
{"level":"error","message":"Request failed with status code 500","service":"order-service","timestamp":"2025-11-01 06:31:38"}
{"ip":"::ffff:172.19.0.1","level":"error","message":"Không thể mở lại công việc cho chuyên viên.","method":"POST","service":"order-service","stack":"Error: Không thể mở lại công việc cho chuyên viên.\n    at /app/index.js:210:15\n    at process.processTicksAndRejections (node:internal/process/task_queues:95:5)","timestamp":"2025-11-01 06:31:38","url":"/orders/1/request-revision"}
{"level":"error","message":"Request failed with status code 500","service":"order-service","timestamp":"2025-11-01 06:31:46"}
{"ip":"::ffff:172.19.0.1","level":"error","message":"Không thể mở lại công việc cho chuyên viên.","method":"POST","service":"order-service","stack":"Error: Không thể mở lại công việc cho chuyên viên.\n    at /app/index.js:210:15\n    at process.processTicksAndRejections (node:internal/process/task_queues:95:5)","timestamp":"2025-11-01 06:31:46","url":"/orders/1/request-revision"}
{"error":"Request failed with status code 404","level":"error","message":"Lỗi khi gửi thông báo 'revision_requested'","service":"order-service","timestamp":"2025-11-01 06:41:15"}
{"error":"Request failed with status code 404","level":"error","message":"Lỗi khi gửi thông báo 'order_status_updated'","service":"order-service","timestamp":"2025-11-01 06:42:16"}
{"error":"Request failed with status code 404","level":"error","message":"Lỗi khi gửi thông báo 'order_status_updated'","service":"order-service","timestamp":"2025-11-01 08:52:02"}
{"error":"Request failed with status code 404","level":"error","message":"Lỗi khi gửi thông báo 'order_status_updated'","service":"order-service","timestamp":"2025-11-01 08:53:55"}
{"error":"Request failed with status code 404","level":"error","message":"Lỗi khi gửi thông báo 'revision_requested'","service":"order-service","timestamp":"2025-11-01 08:55:27"}
{"error":"Request failed with status code 404","level":"error","message":"Lỗi khi gửi thông báo 'order_status_updated'","service":"order-service","timestamp":"2025-11-01 09:03:29"}
{"error":"Request failed with status code 404","level":"error","message":"Lỗi khi gửi thông báo 'order_status_updated'","service":"order-service","timestamp":"2025-11-01 09:10:29"}
{"error":"Request failed with status code 404","level":"error","message":"Lỗi khi gửi thông báo 'order_status_updated'","service":"order-service","timestamp":"2025-11-02 05:46:19"}
{"error":"Request failed with status code 404","level":"error","message":"Lỗi khi gửi thông báo 'order_status_updated'","service":"order-service","timestamp":"2025-11-02 05:47:07"}
{"error":"Request failed with status code 404","level":"error","message":"Lỗi khi gửi thông báo 'order_status_updated'","service":"order-service","timestamp":"2025-11-02 06:09:29"}
{"error":"Request failed with status code 404","level":"error","message":"Lỗi khi gửi thông báo 'order_status_updated'","service":"order-service","timestamp":"2025-11-02 06:09:48"}
{"error":"Request failed with status code 404","level":"error","message":"Lỗi khi gửi thông báo 'order_status_updated'","service":"order-service","timestamp":"2025-11-02 06:10:11"}
{"error":"Request failed with status code 404","level":"error","message":"Lỗi khi gửi thông báo 'revision_requested'","service":"order-service","timestamp":"2025-11-02 06:10:58"}
{"error":"Request failed with status code 404","level":"error","message":"Lỗi khi gửi thông báo 'order_status_updated'","service":"order-service","timestamp":"2025-11-02 06:11:46"}
{"error":"Request failed with status code 404","level":"error","message":"Lỗi khi gửi thông báo 'order_status_updated'","service":"order-service","timestamp":"2025-11-03 03:45:14"}
{"error":"Request failed with status code 404","level":"error","message":"Lỗi khi gửi thông báo 'order_status_updated'","service":"order-service","timestamp":"2025-11-03 03:58:00"}
{"error":"Request failed with status code 404","level":"error","message":"Lỗi khi gửi thông báo 'order_status_updated'","service":"order-service","timestamp":"2025-11-03 03:58:09"}
{"error":"Request failed with status code 404","level":"error","message":"Lỗi khi gửi thông báo 'order_status_updated'","service":"order-service","timestamp":"2025-11-03 04:02:31"}
{"error":"Request failed with status code 404","level":"error","message":"Lỗi khi gửi thông báo 'order_status_updated'","service":"order-service","timestamp":"2025-11-03 04:04:08"}
{"error":"Request failed with status code 404","level":"error","message":"Lỗi khi gửi thông báo 'order_status_updated'","service":"order-service","timestamp":"2025-11-03 04:08:42"}
{"error":"Request failed with status code 404","level":"error","message":"Lỗi khi gửi thông báo 'order_status_updated'","service":"order-service","timestamp":"2025-11-03 04:12:39"}
{"error":"Request failed with status code 404","level":"error","message":"Lỗi khi gửi thông báo 'order_status_updated'","service":"order-service","timestamp":"2025-11-03 04:15:04"}
{"error":"Request failed with status code 404","level":"error","message":"Lỗi khi gửi thông báo 'order_status_updated'","service":"order-service","timestamp":"2025-11-03 04:16:38"}
{"error":"Request failed with status code 404","level":"error","message":"Lỗi khi gửi thông báo 'order_status_updated'","service":"order-service","timestamp":"2025-11-03 04:17:05"}
{"error":"Request failed with status code 404","level":"error","message":"Lỗi khi gửi thông báo 'order_status_updated'","service":"order-service","timestamp":"2025-11-03 04:17:22"}
{"error":"Request failed with status code 404","level":"error","message":"Lỗi khi gửi thông báo 'order_status_updated'","service":"order-service","timestamp":"2025-11-03 04:23:50"}
{"ip":"::ffff:172.19.0.1","level":"error","message":"Không tìm thấy đơn hàng.","method":"GET","service":"order-service","stack":"Error: Không tìm thấy đơn hàng.\n    at /app/index.js:140:7\n    at process.processTicksAndRejections (node:internal/process/task_queues:95:5)","timestamp":"2025-11-03 04:43:02","url":"/orders/1"}
{"error":"Request failed with status code 404","level":"error","message":"Lỗi khi gửi thông báo 'order_status_updated'","service":"order-service","timestamp":"2025-11-03 04:54:43"}
{"error":"Request failed with status code 404","level":"error","message":"Lỗi khi gửi thông báo 'order_status_updated'","service":"order-service","timestamp":"2025-11-03 05:09:52"}
{"error":"Request failed with status code 404","level":"error","message":"Lỗi khi gửi thông báo 'order_status_updated'","service":"order-service","timestamp":"2025-11-03 05:10:55"}
{"error":"Request failed with status code 404","level":"error","message":"Lỗi khi gửi thông báo 'order_status_updated'","service":"order-service","timestamp":"2025-11-03 05:11:54"}
{"error":"Request failed with status code 404","level":"error","message":"Lỗi khi gửi thông báo 'order_status_updated'","service":"order-service","timestamp":"2025-11-03 05:12:04"}
{"error":"Request failed with status code 404","level":"error","message":"Lỗi khi gửi thông báo 'order_status_updated'","service":"order-service","timestamp":"2025-11-03 05:14:15"}
