{"level":"info","message":"Auth Service is running on port 3001","service":"auth-service","timestamp":"2025-10-31 07:06:40"}
{"level":"info","message":"New user registered: chjong@gmail.com","service":"auth-service","timestamp":"2025-10-31 07:48:42"}
{"level":"info","message":"User logged in: chjong@gmail.com","service":"auth-service","timestamp":"2025-10-31 08:04:33"}
{"ip":"::ffff:172.19.0.1","level":"error","message":"Email hoặc mật khẩu không đúng.","method":"POST","service":"auth-service","stack":"Error: Email hoặc mật khẩu không đúng.\n    at /app/index.js:64:15\n    at process.processTicksAndRejections (node:internal/process/task_queues:95:5)","timestamp":"2025-10-31 08:08:33","url":"/login"}
{"ip":"::ffff:172.19.0.1","level":"error","message":"Email hoặc mật khẩu không đúng.","method":"POST","service":"auth-service","stack":"Error: Email hoặc mật khẩu không đúng.\n    at /app/index.js:64:15\n    at process.processTicksAndRejections (node:internal/process/task_queues:95:5)","timestamp":"2025-10-31 08:08:40","url":"/login"}
{"ip":"::ffff:172.19.0.1","level":"error","message":"Email hoặc mật khẩu không đúng.","method":"POST","service":"auth-service","stack":"Error: Email hoặc mật khẩu không đúng.\n    at /app/index.js:70:15","timestamp":"2025-10-31 08:09:49","url":"/login"}
{"ip":"::ffff:172.19.0.1","level":"error","message":"Email hoặc mật khẩu không đúng.","method":"POST","service":"auth-service","stack":"Error: Email hoặc mật khẩu không đúng.\n    at /app/index.js:70:15","timestamp":"2025-10-31 08:10:11","url":"/login"}
{"level":"info","message":"User logged in: chjong@gmail.com","service":"auth-service","timestamp":"2025-10-31 08:10:40"}
{"level":"info","message":"Auth Service is running on port 3001","service":"auth-service","timestamp":"2025-10-31 08:14:13"}
{"ip":"::ffff:172.19.0.1","level":"error","message":"Email hoặc mật khẩu không đúng.","method":"POST","service":"auth-service","stack":"Error: Email hoặc mật khẩu không đúng.\n    at /app/index.js:64:15\n    at process.processTicksAndRejections (node:internal/process/task_queues:95:5)","timestamp":"2025-10-31 08:17:06","url":"/login"}
{"level":"info","message":"New user registered: chjong@gmail.com","service":"auth-service","timestamp":"2025-10-31 08:18:04"}
{"level":"info","message":"User logged in: chjong@gmail.com","service":"auth-service","timestamp":"2025-10-31 08:18:14"}
{"level":"info","message":"Auth Service is running on port 3001","service":"auth-service","timestamp":"2025-10-31 08:24:18"}
{"level":"info","message":"User logged in: dpv@mutrapro.com","service":"auth-service","timestamp":"2025-10-31 08:24:19"}
{"level":"info","message":"User logged in: dpv@mutrapro.com","service":"auth-service","timestamp":"2025-10-31 08:26:23"}
{"level":"info","message":"User logged in: cvka@mutrapro.com","service":"auth-service","timestamp":"2025-10-31 08:26:42"}
{"level":"info","message":"User logged in: cvpk@mutrapro.com","service":"auth-service","timestamp":"2025-10-31 08:27:02"}
{"level":"info","message":"User logged in: artist@mutrapro.com","service":"auth-service","timestamp":"2025-10-31 08:27:12"}
{"level":"info","message":"User logged in: studio@mutrapro.com","service":"auth-service","timestamp":"2025-10-31 08:27:26"}
{"level":"info","message":"User logged in: admin@mutrapro.com","service":"auth-service","timestamp":"2025-10-31 08:27:37"}
{"ip":"::ffff:172.19.0.1","level":"error","message":"Email hoặc mật khẩu không đúng.","method":"POST","service":"auth-service","stack":"Error: Email hoặc mật khẩu không đúng.\n    at /app/index.js:64:15\n    at process.processTicksAndRejections (node:internal/process/task_queues:95:5)","timestamp":"2025-10-31 08:28:53","url":"/login"}
{"level":"info","message":"New user registered: chjong@gmail.com","service":"auth-service","timestamp":"2025-10-31 08:29:02"}
{"level":"info","message":"User logged in: chjong@gmail.com","service":"auth-service","timestamp":"2025-10-31 08:29:03"}
{"level":"info","message":"User logged in: admin@mutrapro.com","service":"auth-service","timestamp":"2025-10-31 08:30:56"}
{"level":"info","message":"User logged in: dpv@mutrapro.com","service":"auth-service","timestamp":"2025-10-31 08:31:04"}
{"level":"info","message":"User logged in: dpv@mutrapro.com","service":"auth-service","timestamp":"2025-10-31 08:31:21"}
{"level":"info","message":"User logged in: cvka@mutrapro.com","service":"auth-service","timestamp":"2025-10-31 08:32:00"}
{"level":"info","message":"User logged in: chjong@gmail.com","service":"auth-service","timestamp":"2025-10-31 08:32:43"}
{"level":"info","message":"User logged in: dpv@mutrapro.com","service":"auth-service","timestamp":"2025-10-31 08:33:05"}
{"level":"info","message":"Auth Service is running on port 3001","service":"auth-service","timestamp":"2025-10-31 11:51:32"}
{"level":"info","message":"Auth Service is running on port 3001","service":"auth-service","timestamp":"2025-10-31 11:56:27"}
{"level":"info","message":"Auth Service is running on port 3001","service":"auth-service","timestamp":"2025-10-31 11:56:59"}
{"level":"info","message":"User logged in: dpv@mutrapro.com","service":"auth-service","timestamp":"2025-10-31 11:57:08"}
{"level":"info","message":"Auth Service is running on port 3001","service":"auth-service","timestamp":"2025-10-31 12:11:51"}
{"level":"info","message":"Auth Service is running on port 3001","service":"auth-service","timestamp":"2025-10-31 15:17:20"}
{"level":"info","message":"User logged in: chjong@gmail.com","service":"auth-service","timestamp":"2025-10-31 15:18:06"}
{"level":"info","message":"User logged in: chjong@gmail.com","service":"auth-service","timestamp":"2025-10-31 15:32:36"}
{"level":"info","message":"User logged in: chjong@gmail.com","service":"auth-service","timestamp":"2025-10-31 15:40:27"}
{"level":"info","message":"User logged in: chjong@gmail.com","service":"auth-service","timestamp":"2025-10-31 15:40:30"}
{"level":"info","message":"User logged in: chjong@gmail.com","service":"auth-service","timestamp":"2025-10-31 15:40:32"}
{"level":"info","message":"User logged in: chjong@gmail.com","service":"auth-service","timestamp":"2025-10-31 15:46:06"}
{"level":"info","message":"User logged in: chjong@gmail.com","service":"auth-service","timestamp":"2025-10-31 15:56:57"}
{"level":"info","message":"Auth Service is running on port 3001","service":"auth-service","timestamp":"2025-10-31 16:03:01"}
{"ip":"::ffff:172.19.0.1","level":"error","message":"Không tìm thấy đường dẫn - /login","method":"GET","service":"auth-service","stack":"Error: Không tìm thấy đường dẫn - /login\n    at notFound (/app/shared/middleware/errorHandler.js:46:17)\n    at Layer.handleRequest (/app/node_modules/router/lib/layer.js:152:17)\n    at trimPrefix (/app/node_modules/router/index.js:342:13)\n    at /app/node_modules/router/index.js:297:9\n    at processParams (/app/node_modules/router/index.js:582:12)\n    at next (/app/node_modules/router/index.js:291:5)\n    at jsonParser (/app/node_modules/body-parser/lib/types/json.js:100:7)\n    at Layer.handleRequest (/app/node_modules/router/lib/layer.js:152:17)\n    at trimPrefix (/app/node_modules/router/index.js:342:13)\n    at /app/node_modules/router/index.js:297:9","timestamp":"2025-10-31 16:03:03","url":"/login"}
{"ip":"::ffff:172.19.0.1","level":"error","message":"Không tìm thấy đường dẫn - /favicon.ico","method":"GET","service":"auth-service","stack":"Error: Không tìm thấy đường dẫn - /favicon.ico\n    at notFound (/app/shared/middleware/errorHandler.js:46:17)\n    at Layer.handleRequest (/app/node_modules/router/lib/layer.js:152:17)\n    at trimPrefix (/app/node_modules/router/index.js:342:13)\n    at /app/node_modules/router/index.js:297:9\n    at processParams (/app/node_modules/router/index.js:582:12)\n    at next (/app/node_modules/router/index.js:291:5)\n    at jsonParser (/app/node_modules/body-parser/lib/types/json.js:100:7)\n    at Layer.handleRequest (/app/node_modules/router/lib/layer.js:152:17)\n    at trimPrefix (/app/node_modules/router/index.js:342:13)\n    at /app/node_modules/router/index.js:297:9","timestamp":"2025-10-31 16:03:04","url":"/favicon.ico"}
{"level":"info","message":"Auth Service is running on port 3001","service":"auth-service","timestamp":"2025-10-31 16:12:21"}
{"level":"info","message":"Auth Service is running on port 3001","service":"auth-service","timestamp":"2025-10-31 16:17:49"}
{"level":"info","message":"User logged in: chjong@gmail.com","service":"auth-service","timestamp":"2025-10-31 16:18:05"}
{"level":"info","message":"Auth Service is running on port 3001","service":"auth-service","timestamp":"2025-11-01 04:11:29"}
{"level":"info","message":"User logged in: chjong@gmail.com","service":"auth-service","timestamp":"2025-11-01 04:11:38"}
{"level":"info","message":"User logged in: chjong@gmail.com","service":"auth-service","timestamp":"2025-11-01 05:02:54"}
{"level":"info","message":"User logged in: chjong@gmail.com","service":"auth-service","timestamp":"2025-11-01 05:20:52"}
{"level":"info","message":"User logged in: dpv@mutrapro.com","service":"auth-service","timestamp":"2025-11-01 05:21:04"}
{"level":"info","message":"Auth Service is running on port 3001","service":"auth-service","timestamp":"2025-11-01 05:51:14"}
{"level":"info","message":"User logged in: dpv@mutrapro.com","service":"auth-service","timestamp":"2025-11-01 05:51:25"}
{"level":"info","message":"User logged in: chjong@gmail.com","service":"auth-service","timestamp":"2025-11-01 05:51:30"}
{"level":"info","message":"User logged in: chjong@gmail.com","service":"auth-service","timestamp":"2025-11-01 05:53:12"}
{"level":"info","message":"User logged in: dpv@mutrapro.com","service":"auth-service","timestamp":"2025-11-01 05:53:50"}
{"level":"info","message":"User logged in: artist@mutrapro.com","service":"auth-service","timestamp":"2025-11-01 05:54:42"}
{"level":"info","message":"User logged in: chjong@gmail.com","service":"auth-service","timestamp":"2025-11-01 05:55:56"}
{"level":"info","message":"Auth Service is running on port 3001","service":"auth-service","timestamp":"2025-11-01 06:04:31"}
{"level":"info","message":"User logged in: artist@mutrapro.com","service":"auth-service","timestamp":"2025-11-01 06:07:08"}
{"level":"info","message":"New user registered: chjong@gmail.com","service":"auth-service","timestamp":"2025-11-01 06:07:21"}
{"level":"info","message":"User logged in: chjong@gmail.com","service":"auth-service","timestamp":"2025-11-01 06:07:26"}
{"level":"info","message":"User logged in: chjong@gmail.com","service":"auth-service","timestamp":"2025-11-01 06:09:22"}
{"level":"info","message":"User logged in: dpv@mutrapro.com","service":"auth-service","timestamp":"2025-11-01 06:10:40"}
{"level":"info","message":"User logged in: cvka@mutrapro.com","service":"auth-service","timestamp":"2025-11-01 06:11:01"}
{"level":"info","message":"User logged in: chjong@gmail.com","service":"auth-service","timestamp":"2025-11-01 06:11:22"}
{"level":"info","message":"User logged in: dpv@mutrapro.com","service":"auth-service","timestamp":"2025-11-01 06:12:07"}
{"level":"info","message":"User logged in: cvka@mutrapro.com","service":"auth-service","timestamp":"2025-11-01 06:12:20"}
{"level":"info","message":"Auth Service is running on port 3001","service":"auth-service","timestamp":"2025-11-01 06:27:38"}
{"level":"info","message":"New user registered: chjong@gmail.com","service":"auth-service","timestamp":"2025-11-01 06:28:50"}
{"level":"info","message":"User logged in: chjong@gmail.com","service":"auth-service","timestamp":"2025-11-01 06:28:53"}
{"level":"info","message":"User logged in: dpv@mutrapro.com","service":"auth-service","timestamp":"2025-11-01 06:30:29"}
{"level":"info","message":"User logged in: cvka@mutrapro.com","service":"auth-service","timestamp":"2025-11-01 06:30:45"}
{"level":"info","message":"User logged in: chjong@gmail.com","service":"auth-service","timestamp":"2025-11-01 06:31:06"}
{"level":"info","message":"Auth Service is running on port 3001","service":"auth-service","timestamp":"2025-11-01 06:40:36"}
{"level":"info","message":"User logged in: cvpk@mutrapro.com","service":"auth-service","timestamp":"2025-11-01 06:41:32"}
{"level":"info","message":"User logged in: cvka@mutrapro.com","service":"auth-service","timestamp":"2025-11-01 06:41:37"}
{"level":"info","message":"User logged in: chjong@gmail.com","service":"auth-service","timestamp":"2025-11-01 06:42:24"}
{"level":"info","message":"Auth Service is running on port 3001","service":"auth-service","timestamp":"2025-11-01 06:51:21"}
{"level":"info","message":"User logged in: dpv@mutrapro.com","service":"auth-service","timestamp":"2025-11-01 06:52:18"}
{"level":"info","message":"Auth Service is running on port 3001","service":"auth-service","timestamp":"2025-11-01 07:59:20"}
{"level":"info","message":"User logged in: chjong@gmail.com","service":"auth-service","timestamp":"2025-11-01 07:59:24"}
{"level":"info","message":"Auth Service is running on port 3001","service":"auth-service","timestamp":"2025-11-01 08:19:52"}
{"level":"info","message":"User logged in: chjong@gmail.com","service":"auth-service","timestamp":"2025-11-01 08:20:00"}
{"level":"info","message":"User logged in: dpv@mutrapro.com","service":"auth-service","timestamp":"2025-11-01 08:20:08"}
{"level":"info","message":"User logged in: dpv@mutrapro.com","service":"auth-service","timestamp":"2025-11-01 08:22:12"}
{"level":"info","message":"User logged in: admin@mutrapro.com","service":"auth-service","timestamp":"2025-11-01 08:23:19"}
{"level":"info","message":"User logged in: dpv@mutrapro.com","service":"auth-service","timestamp":"2025-11-01 08:23:40"}
{"level":"info","message":"Auth Service is running on port 3001","service":"auth-service","timestamp":"2025-11-01 08:27:43"}
{"level":"info","message":"Auth Service is running on port 3001","service":"auth-service","timestamp":"2025-11-01 08:39:17"}
{"level":"info","message":"User logged in: dpv@mutrapro.com","service":"auth-service","timestamp":"2025-11-01 08:39:21"}
{"level":"info","message":"Auth Service is running on port 3001","service":"auth-service","timestamp":"2025-11-01 08:47:03"}
{"level":"info","message":"User logged in: chjong@gmail.com","service":"auth-service","timestamp":"2025-11-01 08:50:40"}
{"level":"info","message":"User logged in: dpv@mutrapro.com","service":"auth-service","timestamp":"2025-11-01 08:51:38"}
{"level":"info","message":"User logged in: cvpk@mutrapro.com","service":"auth-service","timestamp":"2025-11-01 08:52:40"}
{"level":"info","message":"User logged in: dpv@mutrapro.com","service":"auth-service","timestamp":"2025-11-01 08:52:53"}
{"level":"info","message":"User logged in: chjong@gmail.com","service":"auth-service","timestamp":"2025-11-01 08:54:07"}
{"level":"info","message":"User logged in: dpv@mutrapro.com","service":"auth-service","timestamp":"2025-11-01 08:54:29"}
{"level":"info","message":"User logged in: chjong@gmail.com","service":"auth-service","timestamp":"2025-11-01 08:55:09"}
{"level":"info","message":"User logged in: dpv@mutrapro.com","service":"auth-service","timestamp":"2025-11-01 08:56:34"}
{"level":"info","message":"User logged in: chjong@gmail.com","service":"auth-service","timestamp":"2025-11-01 08:57:27"}
{"level":"info","message":"User logged in: dpv@mutrapro.com","service":"auth-service","timestamp":"2025-11-01 08:59:22"}
{"level":"info","message":"User logged in: dpv@mutrapro.com","service":"auth-service","timestamp":"2025-11-01 09:03:24"}
{"level":"info","message":"User logged in: artist@mutrapro.com","service":"auth-service","timestamp":"2025-11-01 09:03:42"}
{"level":"info","message":"User logged in: studio@mutrapro.com","service":"auth-service","timestamp":"2025-11-01 09:03:55"}
{"level":"info","message":"User logged in: artist@mutrapro.com","service":"auth-service","timestamp":"2025-11-01 09:04:07"}
{"level":"info","message":"User logged in: dpv@mutrapro.com","service":"auth-service","timestamp":"2025-11-01 09:05:11"}
{"level":"info","message":"User logged in: artist@mutrapro.com","service":"auth-service","timestamp":"2025-11-01 09:06:03"}
{"level":"info","message":"User logged in: chjong@gmail.com","service":"auth-service","timestamp":"2025-11-01 09:06:54"}
{"level":"info","message":"User logged in: dpv@mutrapro.com","service":"auth-service","timestamp":"2025-11-01 09:07:00"}
{"level":"info","message":"User logged in: artist@mutrapro.com","service":"auth-service","timestamp":"2025-11-01 09:10:03"}
{"level":"info","message":"User logged in: dpv@mutrapro.com","service":"auth-service","timestamp":"2025-11-01 09:10:36"}
{"level":"info","message":"User logged in: studio@mutrapro.com","service":"auth-service","timestamp":"2025-11-01 09:13:51"}
{"level":"info","message":"User logged in: artist@mutrapro.com","service":"auth-service","timestamp":"2025-11-01 09:16:14"}
{"level":"info","message":"Auth Service is running on port 3001","service":"auth-service","timestamp":"2025-11-02 04:23:20"}
{"level":"info","message":"User logged in: artist@mutrapro.com","service":"auth-service","timestamp":"2025-11-02 04:23:26"}
{"level":"info","message":"Auth Service is running on port 3001","service":"auth-service","timestamp":"2025-11-02 04:56:22"}
{"level":"info","message":"User logged in: artist@mutrapro.com","service":"auth-service","timestamp":"2025-11-02 04:56:37"}
{"ip":"::ffff:172.19.0.1","level":"error","message":"Email hoặc mật khẩu không đúng.","method":"POST","service":"auth-service","stack":"Error: Email hoặc mật khẩu không đúng.\n    at /app/index.js:64:15\n    at process.processTicksAndRejections (node:internal/process/task_queues:95:5)","timestamp":"2025-11-02 04:56:44","url":"/login"}
{"level":"info","message":"New user registered: chjong@gmail.com","service":"auth-service","timestamp":"2025-11-02 04:56:54"}
{"level":"info","message":"User logged in: chjong@gmail.com","service":"auth-service","timestamp":"2025-11-02 04:56:58"}
{"level":"info","message":"User logged in: cvka@mutrapro.com","service":"auth-service","timestamp":"2025-11-02 04:57:08"}
{"level":"info","message":"User logged in: cvka@mutrapro.com","service":"auth-service","timestamp":"2025-11-02 04:57:16"}
{"level":"info","message":"User logged in: studio@mutrapro.com","service":"auth-service","timestamp":"2025-11-02 04:57:25"}
{"level":"info","message":"User logged in: artist@mutrapro.com","service":"auth-service","timestamp":"2025-11-02 04:59:20"}
{"level":"info","message":"User logged in: dpv@mutrapro.com","service":"auth-service","timestamp":"2025-11-02 04:59:49"}
{"level":"info","message":"User logged in: chjong@gmail.com","service":"auth-service","timestamp":"2025-11-02 05:00:14"}
{"level":"info","message":"Auth Service is running on port 3001","service":"auth-service","timestamp":"2025-11-02 05:33:27"}
{"level":"info","message":"User logged in: studio@mutrapro.com","service":"auth-service","timestamp":"2025-11-02 05:33:37"}
{"level":"info","message":"User logged in: artist@mutrapro.com","service":"auth-service","timestamp":"2025-11-02 05:34:30"}
{"level":"info","message":"New user registered: chjong@gmail.com","service":"auth-service","timestamp":"2025-11-02 05:34:46"}
{"level":"info","message":"User logged in: chjong@gmail.com","service":"auth-service","timestamp":"2025-11-02 05:34:49"}
{"level":"info","message":"User logged in: dpv@mutrapro.com","service":"auth-service","timestamp":"2025-11-02 05:35:48"}
{"level":"info","message":"User logged in: chjong@gmail.com","service":"auth-service","timestamp":"2025-11-02 05:36:22"}
{"level":"info","message":"Auth Service is running on port 3001","service":"auth-service","timestamp":"2025-11-02 05:45:40"}
{"level":"info","message":"User logged in: chjong@gmail.com","service":"auth-service","timestamp":"2025-11-02 05:45:48"}
{"level":"info","message":"User logged in: dpv@mutrapro.com","service":"auth-service","timestamp":"2025-11-02 05:46:07"}
{"level":"info","message":"User logged in: cvka@mutrapro.com","service":"auth-service","timestamp":"2025-11-02 05:47:05"}
{"level":"info","message":"User logged in: dpv@mutrapro.com","service":"auth-service","timestamp":"2025-11-02 05:47:16"}
{"level":"info","message":"User logged in: studio@mutrapro.com","service":"auth-service","timestamp":"2025-11-02 05:48:29"}
{"level":"info","message":"Auth Service is running on port 3001","service":"auth-service","timestamp":"2025-11-02 05:52:28"}
{"level":"info","message":"Auth Service is running on port 3001","service":"auth-service","timestamp":"2025-11-02 05:55:27"}
{"level":"info","message":"Auth Service is running on port 3001","service":"auth-service","timestamp":"2025-11-02 06:02:38"}
{"level":"info","message":"New user registered: chjong@gmail.com","service":"auth-service","timestamp":"2025-11-02 06:08:09"}
{"level":"info","message":"User logged in: chjong@gmail.com","service":"auth-service","timestamp":"2025-11-02 06:08:11"}
{"level":"info","message":"User logged in: dpv@mutrapro.com","service":"auth-service","timestamp":"2025-11-02 06:09:19"}
{"level":"info","message":"User logged in: cvka@mutrapro.com","service":"auth-service","timestamp":"2025-11-02 06:09:43"}
{"level":"info","message":"User logged in: dpv@mutrapro.com","service":"auth-service","timestamp":"2025-11-02 06:10:14"}
{"level":"info","message":"User logged in: chjong@gmail.com","service":"auth-service","timestamp":"2025-11-02 06:10:22"}
{"level":"info","message":"User logged in: dpv@mutrapro.com","service":"auth-service","timestamp":"2025-11-02 06:11:08"}
{"level":"info","message":"User logged in: cvka@mutrapro.com","service":"auth-service","timestamp":"2025-11-02 06:11:26"}
{"level":"info","message":"User logged in: dpv@mutrapro.com","service":"auth-service","timestamp":"2025-11-02 06:11:52"}
{"level":"info","message":"User logged in: chjong@gmail.com","service":"auth-service","timestamp":"2025-11-02 06:12:00"}
{"level":"info","message":"User logged in: dpv@mutrapro.com","service":"auth-service","timestamp":"2025-11-02 06:12:46"}
{"level":"info","message":"User logged in: artist@mutrapro.com","service":"auth-service","timestamp":"2025-11-02 06:13:16"}
{"level":"info","message":"Auth Service is running on port 3001","service":"auth-service","timestamp":"2025-11-02 06:20:24"}
{"level":"info","message":"User logged in: artist@mutrapro.com","service":"auth-service","timestamp":"2025-11-02 06:21:13"}
{"level":"info","message":"User logged in: studio@mutrapro.com","service":"auth-service","timestamp":"2025-11-02 06:21:30"}
{"level":"info","message":"Auth Service is running on port 3001","service":"auth-service","timestamp":"2025-11-02 06:35:44"}
{"level":"info","message":"User logged in: admin@mutrapro.com","service":"auth-service","timestamp":"2025-11-02 06:36:05"}
{"ip":"::ffff:172.19.0.1","level":"error","message":"Email hoặc mật khẩu không đúng.","method":"POST","service":"auth-service","stack":"Error: Email hoặc mật khẩu không đúng.\n    at /app/index.js:64:15\n    at process.processTicksAndRejections (node:internal/process/task_queues:95:5)","timestamp":"2025-11-02 06:38:08","url":"/login"}
{"level":"info","message":"User logged in: admin@mutrapro.com","service":"auth-service","timestamp":"2025-11-02 06:38:12"}
{"level":"info","message":"Admin created new user: chjong@gmail.com (Role: customer)","service":"auth-service","timestamp":"2025-11-02 06:38:23"}
{"level":"info","message":"User logged in: chjong@gmail.com","service":"auth-service","timestamp":"2025-11-02 06:38:40"}
{"level":"info","message":"User logged in: admin@mutrapro.com","service":"auth-service","timestamp":"2025-11-02 06:38:45"}
{"level":"info","message":"Auth Service is running on port 3001","service":"auth-service","timestamp":"2025-11-02 15:12:16"}
{"level":"info","message":"Auth Service is running on port 3001","service":"auth-service","timestamp":"2025-11-03 03:34:05"}
{"level":"info","message":"Auth Service is running on port 3001","service":"auth-service","timestamp":"2025-11-03 03:42:43"}
{"level":"info","message":"User logged in: cvka@mutrapro.com","service":"auth-service","timestamp":"2025-11-03 03:42:51"}
{"level":"info","message":"User logged in: artist@mutrapro.com","service":"auth-service","timestamp":"2025-11-03 03:43:02"}
{"level":"info","message":"User logged in: dpv@mutrapro.com","service":"auth-service","timestamp":"2025-11-03 03:43:10"}
{"level":"info","message":"User logged in: chjong@gmail.com","service":"auth-service","timestamp":"2025-11-03 03:43:17"}
{"level":"info","message":"User logged in: studio@mutrapro.com","service":"auth-service","timestamp":"2025-11-03 03:44:13"}
{"level":"info","message":"User logged in: chjong@gmail.com","service":"auth-service","timestamp":"2025-11-03 03:44:19"}
{"level":"info","message":"User logged in: dpv@mutrapro.com","service":"auth-service","timestamp":"2025-11-03 03:45:10"}
{"level":"info","message":"User logged in: cvka@mutrapro.com","service":"auth-service","timestamp":"2025-11-03 03:45:31"}
{"level":"info","message":"Auth Service is running on port 3001","service":"auth-service","timestamp":"2025-11-03 03:51:17"}
{"level":"info","message":"User logged in: cvka@mutrapro.com","service":"auth-service","timestamp":"2025-11-03 03:51:44"}
{"level":"info","message":"Auth Service is running on port 3001","service":"auth-service","timestamp":"2025-11-03 03:57:25"}
{"level":"info","message":"User logged in: dpv@mutrapro.com","service":"auth-service","timestamp":"2025-11-03 04:02:42"}
{"level":"info","message":"User logged in: cvpk@mutrapro.com","service":"auth-service","timestamp":"2025-11-03 04:03:13"}
{"level":"info","message":"User logged in: chjong@gmail.com","service":"auth-service","timestamp":"2025-11-03 04:03:20"}
{"level":"info","message":"User logged in: dpv@mutrapro.com","service":"auth-service","timestamp":"2025-11-03 04:04:05"}
{"level":"info","message":"User logged in: dpv@mutrapro.com","service":"auth-service","timestamp":"2025-11-03 04:04:20"}
{"level":"info","message":"User logged in: cvpk@mutrapro.com","service":"auth-service","timestamp":"2025-11-03 04:04:34"}
{"level":"info","message":"Auth Service is running on port 3001","service":"auth-service","timestamp":"2025-11-03 04:08:02"}
{"level":"info","message":"Auth Service is running on port 3001","service":"auth-service","timestamp":"2025-11-03 04:11:44"}
{"level":"info","message":"User logged in: cvpk@mutrapro.com","service":"auth-service","timestamp":"2025-11-03 04:12:53"}
{"level":"info","message":"User logged in: dpv@mutrapro.com","service":"auth-service","timestamp":"2025-11-03 04:13:03"}
{"level":"info","message":"User logged in: chjong@gmail.com","service":"auth-service","timestamp":"2025-11-03 04:14:17"}
{"level":"info","message":"User logged in: dpv@mutrapro.com","service":"auth-service","timestamp":"2025-11-03 04:15:01"}
{"level":"info","message":"User logged in: artist@mutrapro.com","service":"auth-service","timestamp":"2025-11-03 04:15:25"}
{"level":"info","message":"Auth Service is running on port 3001","service":"auth-service","timestamp":"2025-11-03 04:22:35"}
{"level":"info","message":"User logged in: chjong@gmail.com","service":"auth-service","timestamp":"2025-11-03 04:24:01"}
{"level":"info","message":"Auth Service is running on port 3001","service":"auth-service","timestamp":"2025-11-03 04:42:47"}
{"ip":"::ffff:172.19.0.1","level":"error","message":"Email hoặc mật khẩu không đúng.","method":"POST","service":"auth-service","stack":"Error: Email hoặc mật khẩu không đúng.\n    at /app/index.js:64:15\n    at process.processTicksAndRejections (node:internal/process/task_queues:95:5)","timestamp":"2025-11-03 04:43:09","url":"/login"}
{"level":"info","message":"New user registered: chjong@gmail.com","service":"auth-service","timestamp":"2025-11-03 04:43:16"}
{"level":"info","message":"User logged in: chjong@gmail.com","service":"auth-service","timestamp":"2025-11-03 04:43:17"}
{"level":"info","message":"Auth Service is running on port 3001","service":"auth-service","timestamp":"2025-11-03 04:53:14"}
{"level":"info","message":"User logged in: dpv@mutrapro.com","service":"auth-service","timestamp":"2025-11-03 04:54:38"}
{"level":"info","message":"User logged in: cvpk@mutrapro.com","service":"auth-service","timestamp":"2025-11-03 04:54:53"}
{"level":"info","message":"Auth Service is running on port 3001","service":"auth-service","timestamp":"2025-11-03 05:01:49"}
{"level":"info","message":"User logged in: chjong@gmail.com","service":"auth-service","timestamp":"2025-11-03 05:02:18"}
{"level":"info","message":"Auth Service is running on port 3001","service":"auth-service","timestamp":"2025-11-03 05:09:07"}
{"level":"info","message":"User logged in: cvka@mutrapro.com","service":"auth-service","timestamp":"2025-11-03 05:09:36"}
{"level":"info","message":"User logged in: cvpk@mutrapro.com","service":"auth-service","timestamp":"2025-11-03 05:09:42"}
{"level":"info","message":"User logged in: admin@mutrapro.com","service":"auth-service","timestamp":"2025-11-03 05:11:05"}
{"level":"info","message":"User logged in: chjong@gmail.com","service":"auth-service","timestamp":"2025-11-03 05:11:36"}
{"level":"info","message":"User logged in: dpv@mutrapro.com","service":"auth-service","timestamp":"2025-11-03 05:11:51"}
{"level":"info","message":"User logged in: cvka@mutrapro.com","service":"auth-service","timestamp":"2025-11-03 05:12:02"}
{"level":"info","message":"User logged in: dpv@mutrapro.com","service":"auth-service","timestamp":"2025-11-03 05:12:13"}
{"level":"info","message":"User logged in: cvka@mutrapro.com","service":"auth-service","timestamp":"2025-11-03 05:12:24"}
{"level":"info","message":"User logged in: chjong@gmail.com","service":"auth-service","timestamp":"2025-11-03 05:14:27"}
{"level":"info","message":"User logged in: dpv@mutrapro.com","service":"auth-service","timestamp":"2025-11-03 05:15:08"}
{"level":"info","message":"Auth Service is running on port 3001","service":"auth-service","timestamp":"2025-11-03 06:46:04"}
{"level":"info","message":"Auth Service is running on port 3001","service":"auth-service","timestamp":"2025-11-03 07:04:15"}
{"level":"info","message":"Auth Service is running on port 3001","service":"auth-service","timestamp":"2025-11-03 07:05:08"}
{"level":"info","message":"User logged in: admin@mutrapro.com","service":"auth-service","timestamp":"2025-11-03 07:05:26"}
{"level":"info","message":"User logged in: chjong@gmail.com","service":"auth-service","timestamp":"2025-11-03 07:05:48"}
{"level":"info","message":"User logged in: chjong@gmail.com","service":"auth-service","timestamp":"2025-11-03 07:08:02"}
{"level":"info","message":"User logged in: dpv@mutrapro.com","service":"auth-service","timestamp":"2025-11-03 07:08:43"}
{"level":"info","message":"User logged in: admin@mutrapro.com","service":"auth-service","timestamp":"2025-11-03 07:08:53"}
{"level":"info","message":"New user registered: tronglh@gmail.com","service":"auth-service","timestamp":"2025-11-03 07:16:59"}
{"level":"info","message":"User logged in: tronglh@gmail.com","service":"auth-service","timestamp":"2025-11-03 07:17:02"}
{"level":"info","message":"User logged in: chjong@gmail.com","service":"auth-service","timestamp":"2025-11-03 07:17:54"}
{"level":"info","message":"User logged in: tronglh@gmail.com","service":"auth-service","timestamp":"2025-11-03 07:24:01"}
{"level":"info","message":"User logged in: dpv@mutrapro.com","service":"auth-service","timestamp":"2025-11-03 07:24:14"}
{"level":"info","message":"User logged in: chjong@gmail.com","service":"auth-service","timestamp":"2025-11-03 07:29:39"}
{"level":"info","message":"User logged in: tronglh@gmail.com","service":"auth-service","timestamp":"2025-11-03 07:31:35"}
{"level":"info","message":"Auth Service is running on port 3001","service":"auth-service","timestamp":"2025-11-03 07:50:31"}
{"level":"info","message":"Auth Service is running on port 3001","service":"auth-service","timestamp":"2025-11-04 04:13:42"}
{"level":"info","message":"Auth Service is running on port 3001","service":"auth-service","timestamp":"2025-11-04 04:20:30"}
{"level":"info","message":"Auth Service is running on port 3001","service":"auth-service","timestamp":"2025-11-04 04:24:51"}
{"level":"info","message":"Auth Service is running on port 3001","service":"auth-service","timestamp":"2025-11-04 04:30:20"}
{"level":"info","message":"Auth Service is running on port 3001","service":"auth-service","timestamp":"2025-11-04 04:50:43"}
{"level":"info","message":"Auth Service is running on port 3001","service":"auth-service","timestamp":"2025-11-04 04:59:07"}
{"level":"info","message":"Auth Service is running on port 3001","service":"auth-service","timestamp":"2025-11-04 04:59:37"}
{"level":"info","message":"Auth Service is running on port 3001","service":"auth-service","timestamp":"2025-11-04 05:11:59"}
{"level":"info","message":"Auth Service is running on port 3001","service":"auth-service","timestamp":"2025-11-04 05:14:04"}
{"level":"info","message":"Auth Service is running on port 3001","service":"auth-service","timestamp":"2025-11-04 05:21:56"}
{"level":"info","message":"Auth Service is running on port 3001","service":"auth-service","timestamp":"2025-11-04 05:30:44"}
{"level":"info","message":"Auth Service is running on port 3001","service":"auth-service","timestamp":"2025-11-04 13:56:44"}
{"level":"info","message":"Auth-service đã kết nối với Redis Cache.","service":"auth-service","timestamp":"2025-11-04 13:56:44"}
{"ip":"::ffff:172.18.0.11","level":"error","message":"Token không hợp lệ hoặc đã hết hạn","method":"GET","service":"auth-service","stack":"Error: Token không hợp lệ hoặc đã hết hạn\n    at authMiddleware (/app/middleware/authMiddleware.js:19:14)\n    at Layer.handleRequest (/app/node_modules/router/lib/layer.js:152:17)\n    at next (/app/node_modules/router/lib/route.js:157:13)\n    at Route.dispatch (/app/node_modules/router/lib/route.js:117:3)\n    at handle (/app/node_modules/router/index.js:435:11)\n    at Layer.handleRequest (/app/node_modules/router/lib/layer.js:152:17)\n    at /app/node_modules/router/index.js:295:15\n    at processParams (/app/node_modules/router/index.js:582:12)\n    at next (/app/node_modules/router/index.js:291:5)\n    at jsonParser (/app/node_modules/body-parser/lib/types/json.js:109:7)","timestamp":"2025-11-04 14:00:04","url":"/verify"}
{"ip":"::ffff:172.18.0.11","level":"error","message":"Token không hợp lệ hoặc đã hết hạn","method":"GET","service":"auth-service","stack":"Error: Token không hợp lệ hoặc đã hết hạn\n    at authMiddleware (/app/middleware/authMiddleware.js:19:14)\n    at Layer.handleRequest (/app/node_modules/router/lib/layer.js:152:17)\n    at next (/app/node_modules/router/lib/route.js:157:13)\n    at Route.dispatch (/app/node_modules/router/lib/route.js:117:3)\n    at handle (/app/node_modules/router/index.js:435:11)\n    at Layer.handleRequest (/app/node_modules/router/lib/layer.js:152:17)\n    at /app/node_modules/router/index.js:295:15\n    at processParams (/app/node_modules/router/index.js:582:12)\n    at next (/app/node_modules/router/index.js:291:5)\n    at jsonParser (/app/node_modules/body-parser/lib/types/json.js:109:7)","timestamp":"2025-11-04 14:00:04","url":"/verify"}
{"level":"info","message":"User logged in: thfakf@gmail.com","service":"auth-service","timestamp":"2025-11-04 14:00:08"}
{"ip":"::ffff:172.18.0.11","level":"error","message":"Token không hợp lệ hoặc đã hết hạn","method":"GET","service":"auth-service","stack":"Error: Token không hợp lệ hoặc đã hết hạn\n    at authMiddleware (/app/middleware/authMiddleware.js:19:14)\n    at Layer.handleRequest (/app/node_modules/router/lib/layer.js:152:17)\n    at next (/app/node_modules/router/lib/route.js:157:13)\n    at Route.dispatch (/app/node_modules/router/lib/route.js:117:3)\n    at handle (/app/node_modules/router/index.js:435:11)\n    at Layer.handleRequest (/app/node_modules/router/lib/layer.js:152:17)\n    at /app/node_modules/router/index.js:295:15\n    at processParams (/app/node_modules/router/index.js:582:12)\n    at next (/app/node_modules/router/index.js:291:5)\n    at jsonParser (/app/node_modules/body-parser/lib/types/json.js:109:7)","timestamp":"2025-11-04 14:00:35","url":"/verify"}
{"level":"info","message":"User logged in: thfakf@gmail.com","service":"auth-service","timestamp":"2025-11-04 14:00:46"}
{"level":"info","message":"User logged in: admin@mutrapro.com","service":"auth-service","timestamp":"2025-11-04 14:02:07"}
{"ip":"::ffff:172.18.0.11","level":"error","message":"Không tìm thấy đường dẫn - /login","method":"GET","service":"auth-service","stack":"Error: Không tìm thấy đường dẫn - /login\n    at notFound (/app/shared/middleware/errorHandler.js:46:17)\n    at Layer.handleRequest (/app/node_modules/router/lib/layer.js:152:17)\n    at trimPrefix (/app/node_modules/router/index.js:342:13)\n    at /app/node_modules/router/index.js:297:9\n    at processParams (/app/node_modules/router/index.js:582:12)\n    at next (/app/node_modules/router/index.js:291:5)\n    at jsonParser (/app/node_modules/body-parser/lib/types/json.js:109:7)\n    at Layer.handleRequest (/app/node_modules/router/lib/layer.js:152:17)\n    at trimPrefix (/app/node_modules/router/index.js:342:13)\n    at /app/node_modules/router/index.js:297:9","timestamp":"2025-11-04 14:07:34","url":"/login"}
{"level":"info","message":"User logged in: admin@mutrapro.com","service":"auth-service","timestamp":"2025-11-04 14:18:33"}
{"level":"info","message":"User logged in: admin@mutrapro.com","service":"auth-service","timestamp":"2025-11-04 14:24:53"}
{"level":"info","message":"Auth Service is running on port 3001","service":"auth-service","timestamp":"2025-11-04 14:36:26"}
{"level":"info","message":"Auth-service đã kết nối với Redis Cache.","service":"auth-service","timestamp":"2025-11-04 14:36:26"}
{"ip":"::ffff:172.18.0.11","level":"error","message":"Không tìm thấy đường dẫn - /login","method":"GET","service":"auth-service","stack":"Error: Không tìm thấy đường dẫn - /login\n    at notFound (/app/shared/middleware/errorHandler.js:46:17)\n    at Layer.handleRequest (/app/node_modules/router/lib/layer.js:152:17)\n    at trimPrefix (/app/node_modules/router/index.js:342:13)\n    at /app/node_modules/router/index.js:297:9\n    at processParams (/app/node_modules/router/index.js:582:12)\n    at next (/app/node_modules/router/index.js:291:5)\n    at /app/node_modules/body-parser/lib/read.js:132:5\n    at AsyncResource.runInAsyncScope (node:async_hooks:203:9)\n    at invokeCallback (/app/node_modules/raw-body/index.js:238:16)\n    at done (/app/node_modules/raw-body/index.js:227:7)","timestamp":"2025-11-04 14:40:35","url":"/login"}
{"ip":"::ffff:172.18.0.11","level":"error","message":"Không tìm thấy đường dẫn - /login","method":"GET","service":"auth-service","stack":"Error: Không tìm thấy đường dẫn - /login\n    at notFound (/app/shared/middleware/errorHandler.js:46:17)\n    at Layer.handleRequest (/app/node_modules/router/lib/layer.js:152:17)\n    at trimPrefix (/app/node_modules/router/index.js:342:13)\n    at /app/node_modules/router/index.js:297:9\n    at processParams (/app/node_modules/router/index.js:582:12)\n    at next (/app/node_modules/router/index.js:291:5)\n    at /app/node_modules/body-parser/lib/read.js:132:5\n    at AsyncResource.runInAsyncScope (node:async_hooks:203:9)\n    at invokeCallback (/app/node_modules/raw-body/index.js:238:16)\n    at done (/app/node_modules/raw-body/index.js:227:7)","timestamp":"2025-11-04 14:41:14","url":"/login"}
{"level":"info","message":"New user registered: customer-test@gmail.com","service":"auth-service","timestamp":"2025-11-04 14:46:40"}
{"level":"info","message":"User logged in: customer-test@gmail.com","service":"auth-service","timestamp":"2025-11-04 14:49:03"}
{"level":"info","message":"User logged in: admin@mutrapro.com","service":"auth-service","timestamp":"2025-11-04 14:57:12"}
{"level":"info","message":"User logged in: admin@mutrapro.com","service":"auth-service","timestamp":"2025-11-04 15:00:06"}
{"level":"info","message":"Auth Service is running on port 3001","service":"auth-service","timestamp":"2025-11-08 07:28:50"}
{"level":"info","message":"Auth-service đã kết nối với Redis Cache.","service":"auth-service","timestamp":"2025-11-08 07:28:50"}
{"ip":"::ffff:172.18.0.12","level":"error","message":"Email hoặc mật khẩu không đúng.","method":"POST","service":"auth-service","stack":"Error: Email hoặc mật khẩu không đúng.\n    at /app/index.js:95:15\n    at process.processTicksAndRejections (node:internal/process/task_queues:95:5)","timestamp":"2025-11-08 07:32:40","url":"/login"}
{"ip":"::ffff:172.18.0.12","level":"error","message":"Email hoặc mật khẩu không đúng.","method":"POST","service":"auth-service","stack":"Error: Email hoặc mật khẩu không đúng.\n    at /app/index.js:95:15\n    at process.processTicksAndRejections (node:internal/process/task_queues:95:5)","timestamp":"2025-11-08 07:32:43","url":"/login"}
{"level":"info","message":"New user registered: nguyentri160705@gmail.com","service":"auth-service","timestamp":"2025-11-08 07:33:11"}
{"level":"info","message":"User logged in: nguyentri160705@gmail.com","service":"auth-service","timestamp":"2025-11-08 07:33:12"}
{"ip":"::ffff:172.18.0.12","level":"error","message":"Duplicate entry 'nguyentri160705@gmail.com' for key 'users.email'","method":"POST","service":"auth-service","stack":"Error: Duplicate entry 'nguyentri160705@gmail.com' for key 'users.email'\n    at PromisePool.execute (/app/node_modules/mysql2/lib/promise/pool.js:54:22)\n    at /app/index.js:82:33","timestamp":"2025-11-08 07:35:43","url":"/register"}
{"level":"info","message":"User logged in: nguyentri160705@gmail.com","service":"auth-service","timestamp":"2025-11-08 07:35:46"}
{"ip":"::ffff:172.18.0.12","level":"error","message":"Email hoặc mật khẩu không đúng.","method":"POST","service":"auth-service","stack":"Error: Email hoặc mật khẩu không đúng.\n    at /app/index.js:100:15","timestamp":"2025-11-08 07:38:35","url":"/login"}
{"level":"info","message":"User logged in: admin@mutrapro.com","service":"auth-service","timestamp":"2025-11-08 07:38:58"}
{"level":"info","message":"User logged in: cvpk@mutrapro.com","service":"auth-service","timestamp":"2025-11-08 07:39:49"}
{"level":"info","message":"User logged in: cvka@mutrapro.com","service":"auth-service","timestamp":"2025-11-08 07:40:15"}
{"level":"info","message":"User logged in: studio@mutrapro.com","service":"auth-service","timestamp":"2025-11-08 07:40:47"}
{"level":"info","message":"User logged in: dpv@mutrapro.com","service":"auth-service","timestamp":"2025-11-08 07:41:26"}
{"level":"info","message":"User logged in: cvka@mutrapro.com","service":"auth-service","timestamp":"2025-11-08 07:42:28"}
{"level":"info","message":"User logged in: nguyentri160705@gmail.com","service":"auth-service","timestamp":"2025-11-08 07:43:05"}
{"level":"info","message":"User logged in: dpv@mutrapro.com","service":"auth-service","timestamp":"2025-11-08 07:43:51"}
{"level":"info","message":"User logged in: cvka@mutrapro.com","service":"auth-service","timestamp":"2025-11-08 07:44:24"}
{"level":"info","message":"User logged in: nguyentri160705@gmail.com","service":"auth-service","timestamp":"2025-11-08 07:45:07"}
{"level":"info","message":"User logged in: studio@mutrapro.com","service":"auth-service","timestamp":"2025-11-08 07:45:40"}
{"level":"info","message":"User logged in: dpv@mutrapro.com","service":"auth-service","timestamp":"2025-11-08 07:46:24"}
{"level":"info","message":"User logged in: nguyentri160705@gmail.com","service":"auth-service","timestamp":"2025-11-08 07:47:20"}
{"address":"172.18.0.3","code":"ECONNREFUSED","errno":-111,"level":"error","message":"Auth-service không thể kết nối Redis connect ECONNREFUSED 172.18.0.3:6379","port":6379,"service":"auth-service","stack":"Error: connect ECONNREFUSED 172.18.0.3:6379\n    at TCPConnectWrap.afterConnect [as oncomplete] (node:net:1555:16)","syscall":"connect","timestamp":"2025-11-08 07:50:18"}
{"address":"172.18.0.3","code":"ECONNREFUSED","errno":-111,"level":"error","message":"Auth-service không thể kết nối Redis connect ECONNREFUSED 172.18.0.3:6379","port":6379,"service":"auth-service","stack":"Error: connect ECONNREFUSED 172.18.0.3:6379\n    at TCPConnectWrap.afterConnect [as oncomplete] (node:net:1555:16)","syscall":"connect","timestamp":"2025-11-08 07:50:18"}
{"level":"info","message":"Auth Service is running on port 3001","service":"auth-service","timestamp":"2025-11-08 07:51:43"}
{"level":"info","message":"Auth-service đã kết nối với Redis Cache.","service":"auth-service","timestamp":"2025-11-08 07:51:43"}
{"level":"info","message":"User logged in: admin@mutrapro.com","service":"auth-service","timestamp":"2025-11-08 07:54:32"}
{"level":"info","message":"User logged in: admin@mutrapro.com","service":"auth-service","timestamp":"2025-11-08 07:54:54"}
{"level":"info","message":"User logged in: admin@mutrapro.com","service":"auth-service","timestamp":"2025-11-08 07:56:43"}
{"level":"info","message":"Auth Service is running on port 3001","service":"auth-service","timestamp":"2025-11-08 08:22:21"}
{"level":"info","message":"Auth-service đã kết nối với Redis Cache.","service":"auth-service","timestamp":"2025-11-08 08:22:21"}
{"level":"info","message":"User logged in: admin@mutrapro.com","service":"auth-service","timestamp":"2025-11-08 08:23:46"}
{"ip":"::ffff:172.18.0.12","level":"error","message":"Email hoặc mật khẩu không đúng.","method":"POST","service":"auth-service","stack":"Error: Email hoặc mật khẩu không đúng.\n    at /app/index.js:95:15\n    at process.processTicksAndRejections (node:internal/process/task_queues:95:5)","timestamp":"2025-11-08 08:24:09","url":"/login"}
{"level":"info","message":"New user registered: nguyentri160705@gmail.com","service":"auth-service","timestamp":"2025-11-08 08:24:22"}
{"level":"info","message":"User logged in: nguyentri160705@gmail.com","service":"auth-service","timestamp":"2025-11-08 08:24:24"}
{"address":"172.18.0.2","code":"ECONNREFUSED","errno":-111,"level":"error","message":"Auth-service không thể kết nối Redis connect ECONNREFUSED 172.18.0.2:6379","port":6379,"service":"auth-service","stack":"Error: connect ECONNREFUSED 172.18.0.2:6379\n    at TCPConnectWrap.afterConnect [as oncomplete] (node:net:1555:16)","syscall":"connect","timestamp":"2025-11-08 08:32:13"}
{"address":"172.18.0.2","code":"ECONNREFUSED","errno":-111,"level":"error","message":"Auth-service không thể kết nối Redis connect ECONNREFUSED 172.18.0.2:6379","port":6379,"service":"auth-service","stack":"Error: connect ECONNREFUSED 172.18.0.2:6379\n    at TCPConnectWrap.afterConnect [as oncomplete] (node:net:1555:16)","syscall":"connect","timestamp":"2025-11-08 08:32:13"}
{"level":"info","message":"Auth Service is running on port 3001","service":"auth-service","timestamp":"2025-11-08 08:33:48"}
{"level":"info","message":"Auth-service đã kết nối với Redis Cache.","service":"auth-service","timestamp":"2025-11-08 08:33:48"}
{"ip":"::ffff:172.18.0.12","level":"error","message":"Email hoặc mật khẩu không đúng.","method":"POST","service":"auth-service","stack":"Error: Email hoặc mật khẩu không đúng.\n    at /app/index.js:95:15\n    at process.processTicksAndRejections (node:internal/process/task_queues:95:5)","timestamp":"2025-11-08 08:41:21","url":"/login"}
{"level":"info","message":"User logged in: admin@mutrapro.com","service":"auth-service","timestamp":"2025-11-08 08:41:26"}
{"level":"info","message":"User logged in: admin@mutrapro.com","service":"auth-service","timestamp":"2025-11-08 08:41:43"}
{"level":"info","message":"Auth Service is running on port 3001","service":"auth-service","timestamp":"2025-11-08 08:45:38"}
{"level":"info","message":"Auth-service đã kết nối với Redis Cache.","service":"auth-service","timestamp":"2025-11-08 08:45:38"}
{"level":"info","message":"User logged in: admin@mutrapro.com","service":"auth-service","timestamp":"2025-11-08 08:48:36"}
{"level":"info","message":"User logged in: admin@mutrapro.com","service":"auth-service","timestamp":"2025-11-08 08:48:55"}
{"ip":"::ffff:172.18.0.12","level":"error","message":"Email hoặc mật khẩu không đúng.","method":"POST","service":"auth-service","stack":"Error: Email hoặc mật khẩu không đúng.\n    at /app/index.js:95:15\n    at process.processTicksAndRejections (node:internal/process/task_queues:95:5)","timestamp":"2025-11-08 08:50:43","url":"/login"}
{"level":"info","message":"New user registered: nguyentri160705@gmail.com","service":"auth-service","timestamp":"2025-11-08 08:50:46"}
{"level":"info","message":"User logged in: nguyentri160705@gmail.com","service":"auth-service","timestamp":"2025-11-08 08:50:48"}
{"level":"info","message":"User logged in: dpv@mutrapro.com","service":"auth-service","timestamp":"2025-11-08 08:51:41"}
{"level":"info","message":"User logged in: nguyentri160705@gmail.com","service":"auth-service","timestamp":"2025-11-08 08:53:39"}
{"level":"info","message":"User logged in: dpv@mutrapro.com","service":"auth-service","timestamp":"2025-11-08 08:54:16"}
{"level":"info","message":"User logged in: nguyentri160705@gmail.com","service":"auth-service","timestamp":"2025-11-08 08:56:08"}
{"level":"info","message":"User logged in: dpv@mutrapro.com","service":"auth-service","timestamp":"2025-11-08 09:00:00"}
{"level":"info","message":"User logged in: nguyentri160705@gmail.com","service":"auth-service","timestamp":"2025-11-08 09:00:39"}
{"level":"info","message":"User logged in: dpv@mutrapro.com","service":"auth-service","timestamp":"2025-11-08 09:02:49"}
{"level":"info","message":"Auth Service is running on port 3001","service":"auth-service","timestamp":"2025-11-08 09:09:19"}
{"level":"info","message":"Auth-service đã kết nối với Redis Cache.","service":"auth-service","timestamp":"2025-11-08 09:09:19"}
{"level":"info","message":"User logged in: nguyentri160705@gmail.com","service":"auth-service","timestamp":"2025-11-08 09:11:19"}
{"level":"info","message":"User logged in: dpv@mutrapro.com","service":"auth-service","timestamp":"2025-11-08 09:12:42"}
{"level":"info","message":"Auth Service is running on port 3001","service":"auth-service","timestamp":"2025-11-08 09:16:03"}
{"level":"info","message":"Auth-service đã kết nối với Redis Cache.","service":"auth-service","timestamp":"2025-11-08 09:16:03"}
{"level":"info","message":"User logged in: nguyentri160705@gmail.com","service":"auth-service","timestamp":"2025-11-08 09:17:11"}
{"level":"info","message":"User logged in: dpv@mutrapro.com","service":"auth-service","timestamp":"2025-11-08 09:18:20"}
{"level":"info","message":"User logged in: nguyentri160705@gmail.com","service":"auth-service","timestamp":"2025-11-08 09:20:24"}
{"level":"info","message":"User logged in: dpv@mutrapro.com","service":"auth-service","timestamp":"2025-11-08 09:22:04"}
{"level":"info","message":"Auth Service is running on port 3001","service":"auth-service","timestamp":"2025-11-08 09:26:01"}
{"level":"info","message":"Auth-service đã kết nối với Redis Cache.","service":"auth-service","timestamp":"2025-11-08 09:26:01"}
{"level":"info","message":"User logged in: nguyentri160705@gmail.com","service":"auth-service","timestamp":"2025-11-08 09:27:11"}
{"level":"info","message":"User logged in: dpv@mutrapro.com","service":"auth-service","timestamp":"2025-11-08 09:28:04"}
{"address":"172.18.0.3","code":"ECONNREFUSED","errno":-111,"level":"error","message":"Auth-service không thể kết nối Redis connect ECONNREFUSED 172.18.0.3:6379","port":6379,"service":"auth-service","stack":"Error: connect ECONNREFUSED 172.18.0.3:6379\n    at TCPConnectWrap.afterConnect [as oncomplete] (node:net:1555:16)","syscall":"connect","timestamp":"2025-11-08 09:30:03"}
{"address":"172.18.0.3","code":"ECONNREFUSED","errno":-111,"level":"error","message":"Auth-service không thể kết nối Redis connect ECONNREFUSED 172.18.0.3:6379","port":6379,"service":"auth-service","stack":"Error: connect ECONNREFUSED 172.18.0.3:6379\n    at TCPConnectWrap.afterConnect [as oncomplete] (node:net:1555:16)","syscall":"connect","timestamp":"2025-11-08 09:30:03"}
{"address":"172.18.0.3","code":"ECONNREFUSED","errno":-111,"level":"error","message":"Auth-service không thể kết nối Redis connect ECONNREFUSED 172.18.0.3:6379","port":6379,"service":"auth-service","stack":"Error: connect ECONNREFUSED 172.18.0.3:6379\n    at TCPConnectWrap.afterConnect [as oncomplete] (node:net:1555:16)","syscall":"connect","timestamp":"2025-11-08 09:30:04"}
{"level":"info","message":"Auth Service is running on port 3001","service":"auth-service","timestamp":"2025-11-08 09:31:08"}
{"level":"info","message":"Auth-service đã kết nối với Redis Cache.","service":"auth-service","timestamp":"2025-11-08 09:31:08"}
{"ip":"::ffff:172.18.0.12","level":"error","message":"Duplicate entry 'nguyentri160705@gmail.com' for key 'users.email'","method":"POST","service":"auth-service","stack":"Error: Duplicate entry 'nguyentri160705@gmail.com' for key 'users.email'\n    at PromisePool.execute (/app/node_modules/mysql2/lib/promise/pool.js:54:22)\n    at /app/index.js:82:33","timestamp":"2025-11-08 09:31:10","url":"/register"}
{"level":"info","message":"User logged in: nguyentri160705@gmail.com","service":"auth-service","timestamp":"2025-11-08 09:31:16"}
{"level":"info","message":"User logged in: dpv@mutrapro.com","service":"auth-service","timestamp":"2025-11-08 09:32:26"}
{"level":"info","message":"User logged in: nguyentri160705@gmail.com","service":"auth-service","timestamp":"2025-11-08 09:36:00"}
{"level":"info","message":"User logged in: dpv@mutrapro.com","service":"auth-service","timestamp":"2025-11-08 09:36:36"}
{"level":"info","message":"Auth Service is running on port 3001","service":"auth-service","timestamp":"2025-11-11 08:37:58"}
{"level":"info","message":"Auth-service đã kết nối với Redis Cache.","service":"auth-service","timestamp":"2025-11-11 08:37:58"}
{"address":"172.18.0.6","code":"ECONNREFUSED","errno":-111,"level":"error","message":"Auth-service không thể kết nối Redis connect ECONNREFUSED 172.18.0.6:6379","port":6379,"service":"auth-service","stack":"Error: connect ECONNREFUSED 172.18.0.6:6379\n    at TCPConnectWrap.afterConnect [as oncomplete] (node:net:1555:16)","syscall":"connect","timestamp":"2025-11-11 08:38:13"}
{"code":"ETIMEDOUT","errorno":"ETIMEDOUT","level":"error","message":"Auth-service không thể kết nối Redis connect ETIMEDOUT","service":"auth-service","stack":"Error: connect ETIMEDOUT\n    at Socket.<anonymous> (/app/node_modules/ioredis/built/Redis.js:171:41)\n    at Object.onceWrapper (node:events:631:28)\n    at Socket.emit (node:events:517:28)\n    at Socket._onTimeout (node:net:598:8)\n    at listOnTimeout (node:internal/timers:569:17)\n    at process.processTimers (node:internal/timers:512:7)","syscall":"connect","timestamp":"2025-11-11 08:38:23"}
{"code":"EAI_AGAIN","errno":-3001,"hostname":"redis_cache","level":"error","message":"Auth-service không thể kết nối Redis getaddrinfo EAI_AGAIN redis_cache","service":"auth-service","stack":"Error: getaddrinfo EAI_AGAIN redis_cache\n    at GetAddrInfoReqWrap.onlookup [as oncomplete] (node:dns:107:26)","syscall":"getaddrinfo","timestamp":"2025-11-11 08:38:28"}
{"level":"info","message":"Auth Service is running on port 3001","service":"auth-service","timestamp":"2025-11-11 08:42:47"}
{"level":"info","message":"Auth-service đã kết nối với Redis Cache.","service":"auth-service","timestamp":"2025-11-11 08:42:47"}
{"level":"info","message":"User logged in: cvka@mutrapro.com","service":"auth-service","timestamp":"2025-11-11 08:43:47"}
{"level":"info","message":"User logged in: dpv@mutrapro.com","service":"auth-service","timestamp":"2025-11-11 08:44:14"}
{"address":"172.18.0.2","code":"ECONNREFUSED","errno":-111,"level":"error","message":"Auth-service không thể kết nối Redis connect ECONNREFUSED 172.18.0.2:6379","port":6379,"service":"auth-service","stack":"Error: connect ECONNREFUSED 172.18.0.2:6379\n    at TCPConnectWrap.afterConnect [as oncomplete] (node:net:1555:16)","syscall":"connect","timestamp":"2025-11-11 08:57:17"}
