{"level":"info","message":"Studio Service is running on port 3005","service":"studio-service","timestamp":"2025-10-31 06:44:44"}
{"level":"info","message":"Studio Service is running on port 3005","service":"studio-service","timestamp":"2025-10-31 06:59:29"}
{"level":"info","message":"Studio Service is running on port 3005","service":"studio-service","timestamp":"2025-10-31 07:06:40"}
{"level":"info","message":"Studio Service is running on port 3005","service":"studio-service","timestamp":"2025-10-31 08:14:13"}
{"level":"info","message":"Studio Service is running on port 3005","service":"studio-service","timestamp":"2025-10-31 08:24:18"}
{"level":"info","message":"Studio Service is running on port 3005","service":"studio-service","timestamp":"2025-10-31 11:51:32"}
{"level":"info","message":"Studio Service is running on port 3005","service":"studio-service","timestamp":"2025-10-31 11:56:27"}
{"level":"info","message":"Studio Service is running on port 3005","service":"studio-service","timestamp":"2025-10-31 11:56:59"}
{"level":"info","message":"Studio Service is running on port 3005","service":"studio-service","timestamp":"2025-10-31 12:11:51"}
{"level":"info","message":"Studio Service is running on port 3005","service":"studio-service","timestamp":"2025-10-31 15:17:20"}
{"level":"info","message":"Studio Service is running on port 3005","service":"studio-service","timestamp":"2025-10-31 15:59:22"}
{"level":"info","message":"Studio Service is running on port 3005","service":"studio-service","timestamp":"2025-10-31 16:03:01"}
{"level":"info","message":"Studio Service is running on port 3005","service":"studio-service","timestamp":"2025-10-31 16:12:21"}
{"level":"info","message":"Studio Service is running on port 3005","service":"studio-service","timestamp":"2025-10-31 16:17:49"}
{"level":"info","message":"Studio Service is running on port 3005","service":"studio-service","timestamp":"2025-11-01 04:11:29"}
{"level":"info","message":"Studio Service is running on port 3005","service":"studio-service","timestamp":"2025-11-01 05:51:14"}
{"level":"info","message":"New booking created for studio #8 by artist #5","service":"studio-service","timestamp":"2025-11-01 05:55:45"}
{"level":"info","message":"Studio Service is running on port 3005","service":"studio-service","timestamp":"2025-11-01 06:04:31"}
{"level":"info","message":"Studio Service is running on port 3005","service":"studio-service","timestamp":"2025-11-01 06:27:38"}
{"level":"info","message":"Studio Service is running on port 3005","service":"studio-service","timestamp":"2025-11-01 06:40:36"}
{"level":"info","message":"Studio Service is running on port 3005","service":"studio-service","timestamp":"2025-11-01 06:51:21"}
{"level":"info","message":"Studio Service is running on port 3005","service":"studio-service","timestamp":"2025-11-01 07:59:20"}
{"level":"info","message":"Studio Service is running on port 3005","service":"studio-service","timestamp":"2025-11-01 08:19:52"}
{"level":"info","message":"Studio Service is running on port 3005","service":"studio-service","timestamp":"2025-11-01 08:27:43"}
{"level":"info","message":"Studio Service is running on port 3005","service":"studio-service","timestamp":"2025-11-01 08:39:17"}
{"level":"info","message":"Studio Service is running on port 3005","service":"studio-service","timestamp":"2025-11-01 08:47:03"}
{"level":"info","message":"Studio #11 status updated to available","service":"studio-service","timestamp":"2025-11-01 09:04:00"}
{"level":"info","message":"New booking created for studio #10 by artist #5","service":"studio-service","timestamp":"2025-11-01 09:04:46"}
{"level":"info","message":"Studio Service is running on port 3005","service":"studio-service","timestamp":"2025-11-02 04:23:20"}
{"level":"info","message":"Studio Service is running on port 3005","service":"studio-service","timestamp":"2025-11-02 04:56:22"}
{"level":"info","message":"Studio Service is running on port 3005","service":"studio-service","timestamp":"2025-11-02 05:33:27"}
{"level":"info","message":"Studio Service is running on port 3005","service":"studio-service","timestamp":"2025-11-02 05:45:40"}
{"level":"info","message":"Studio Service is running on port 3005","service":"studio-service","timestamp":"2025-11-02 05:52:28"}
{"level":"info","message":"Studio Service is running on port 3005","service":"studio-service","timestamp":"2025-11-02 05:55:27"}
{"level":"info","message":"Studio Service is running on port 3005","service":"studio-service","timestamp":"2025-11-02 06:02:38"}
{"level":"info","message":"Studio Service is running on port 3005","service":"studio-service","timestamp":"2025-11-02 06:20:24"}
{"level":"info","message":"Studio Service is running on port 3005","service":"studio-service","timestamp":"2025-11-02 06:35:44"}
{"level":"info","message":"Studio #11 status updated to available","service":"studio-service","timestamp":"2025-11-02 06:35:59"}
{"level":"info","message":"Studio Service is running on port 3005","service":"studio-service","timestamp":"2025-11-02 15:12:16"}
{"level":"info","message":"Studio Service is running on port 3005","service":"studio-service","timestamp":"2025-11-03 03:34:05"}
{"level":"info","message":"Studio Service is running on port 3005","service":"studio-service","timestamp":"2025-11-03 03:42:43"}
{"level":"info","message":"Studio Service is running on port 3005","service":"studio-service","timestamp":"2025-11-03 03:51:17"}
{"level":"info","message":"Studio Service is running on port 3005","service":"studio-service","timestamp":"2025-11-03 03:57:25"}
{"level":"info","message":"Studio Service is running on port 3005","service":"studio-service","timestamp":"2025-11-03 04:08:01"}
{"level":"info","message":"Studio Service is running on port 3005","service":"studio-service","timestamp":"2025-11-03 04:11:44"}
{"level":"info","message":"Studio Service is running on port 3005","service":"studio-service","timestamp":"2025-11-03 04:22:35"}
{"level":"info","message":"New booking created for studio #7 by artist #5","service":"studio-service","timestamp":"2025-11-03 04:23:14"}
{"level":"info","message":"Studio Service is running on port 3005","service":"studio-service","timestamp":"2025-11-03 04:42:47"}
{"level":"info","message":"Studio Service is running on port 3005","service":"studio-service","timestamp":"2025-11-03 04:53:14"}
{"level":"info","message":"Studio Service is running on port 3005","service":"studio-service","timestamp":"2025-11-03 05:01:49"}
{"level":"info","message":"Studio Service is running on port 3005","service":"studio-service","timestamp":"2025-11-03 05:09:07"}
{"level":"info","message":"Studio Service is running on port 3005","service":"studio-service","timestamp":"2025-11-03 06:46:04"}
{"level":"info","message":"Studio Service is running on port 3005","service":"studio-service","timestamp":"2025-11-03 07:04:15"}
{"level":"info","message":"Studio Service is running on port 3005","service":"studio-service","timestamp":"2025-11-03 07:05:08"}
{"level":"info","message":"Studio Service is running on port 3005","service":"studio-service","timestamp":"2025-11-03 07:50:31"}
{"level":"info","message":"Studio Service is running on port 3005","service":"studio-service","timestamp":"2025-11-04 04:13:42"}
{"level":"info","message":"Studio Service is running on port 3005","service":"studio-service","timestamp":"2025-11-04 04:20:29"}
{"level":"info","message":"Studio Service is running on port 3005","service":"studio-service","timestamp":"2025-11-04 04:24:51"}
{"level":"info","message":"Studio Service is running on port 3005","service":"studio-service","timestamp":"2025-11-04 04:30:20"}
{"level":"info","message":"Studio Service is running on port 3005","service":"studio-service","timestamp":"2025-11-04 04:50:43"}
{"level":"info","message":"Studio Service is running on port 3005","service":"studio-service","timestamp":"2025-11-04 04:59:07"}
{"level":"info","message":"Studio Service is running on port 3005","service":"studio-service","timestamp":"2025-11-04 04:59:37"}
{"level":"info","message":"Studio Service is running on port 3005","service":"studio-service","timestamp":"2025-11-04 05:11:59"}
{"level":"info","message":"Studio Service is running on port 3005","service":"studio-service","timestamp":"2025-11-04 05:14:04"}
{"level":"info","message":"Studio Service is running on port 3005","service":"studio-service","timestamp":"2025-11-04 05:21:56"}
{"level":"info","message":"Studio Service is running on port 3005","service":"studio-service","timestamp":"2025-11-04 05:30:44"}
{"level":"info","message":"Studio Service is running on port 3005","service":"studio-service","timestamp":"2025-11-04 13:56:45"}
{"level":"info","message":"Studio Service is running on port 3005","service":"studio-service","timestamp":"2025-11-04 14:36:26"}
{"level":"info","message":"Studio Service is running on port 3005","service":"studio-service","timestamp":"2025-11-08 07:28:50"}
{"level":"info","message":"Studio #4 status updated to booked","service":"studio-service","timestamp":"2025-11-08 07:41:02"}
{"level":"info","message":"Studio #4 status updated to available","service":"studio-service","timestamp":"2025-11-08 07:41:03"}
{"level":"info","message":"Studio #8 status updated to booked","service":"studio-service","timestamp":"2025-11-08 07:45:48"}
{"level":"info","message":"Studio #8 status updated to available","service":"studio-service","timestamp":"2025-11-08 07:45:49"}
{"level":"info","message":"Studio Service is running on port 3005","service":"studio-service","timestamp":"2025-11-08 07:51:43"}
{"level":"info","message":"Studio Service is running on port 3005","service":"studio-service","timestamp":"2025-11-08 08:22:21"}
{"level":"info","message":"Studio Service is running on port 3005","service":"studio-service","timestamp":"2025-11-08 08:33:48"}
{"level":"info","message":"Studio Service is running on port 3005","service":"studio-service","timestamp":"2025-11-08 08:45:39"}
{"ip":"::ffff:172.18.0.8","level":"error","message":"Không tìm thấy lịch đặt cho đơn hàng này.","method":"GET","service":"studio-service","stack":"Error: Không tìm thấy lịch đặt cho đơn hàng này.\n    at /app/index.js:86:15\n    at process.processTicksAndRejections (node:internal/process/task_queues:95:5)","timestamp":"2025-11-08 09:02:33","url":"/bookings/order/1"}
{"level":"info","message":"Studio Service is running on port 3005","service":"studio-service","timestamp":"2025-11-08 09:09:19"}
{"ip":"::ffff:172.18.0.10","level":"error","message":"Không tìm thấy lịch đặt cho đơn hàng này.","method":"GET","service":"studio-service","stack":"Error: Không tìm thấy lịch đặt cho đơn hàng này.\n    at /app/index.js:86:15\n    at process.processTicksAndRejections (node:internal/process/task_queues:95:5)","timestamp":"2025-11-08 09:11:34","url":"/bookings/order/1"}
{"level":"info","message":"Studio Service is running on port 3005","service":"studio-service","timestamp":"2025-11-08 09:16:03"}
{"ip":"::ffff:172.18.0.9","level":"error","message":"Không tìm thấy lịch đặt cho đơn hàng này.","method":"GET","service":"studio-service","stack":"Error: Không tìm thấy lịch đặt cho đơn hàng này.\n    at /app/index.js:86:15\n    at process.processTicksAndRejections (node:internal/process/task_queues:95:5)","timestamp":"2025-11-08 09:17:25","url":"/bookings/order/1"}
{"ip":"::ffff:172.18.0.9","level":"error","message":"Không tìm thấy lịch đặt cho đơn hàng này.","method":"GET","service":"studio-service","stack":"Error: Không tìm thấy lịch đặt cho đơn hàng này.\n    at /app/index.js:86:15\n    at process.processTicksAndRejections (node:internal/process/task_queues:95:5)","timestamp":"2025-11-08 09:20:36","url":"/bookings/order/11"}
{"ip":"::ffff:172.18.0.9","level":"error","message":"Không tìm thấy lịch đặt cho đơn hàng này.","method":"GET","service":"studio-service","stack":"Error: Không tìm thấy lịch đặt cho đơn hàng này.\n    at /app/index.js:86:15\n    at process.processTicksAndRejections (node:internal/process/task_queues:95:5)","timestamp":"2025-11-08 09:20:36","url":"/bookings/order/1"}
{"level":"info","message":"Studio Service is running on port 3005","service":"studio-service","timestamp":"2025-11-08 09:26:01"}
{"ip":"::ffff:172.18.0.9","level":"error","message":"Không tìm thấy lịch đặt cho đơn hàng này.","method":"GET","service":"studio-service","stack":"Error: Không tìm thấy lịch đặt cho đơn hàng này.\n    at /app/index.js:86:15\n    at process.processTicksAndRejections (node:internal/process/task_queues:95:5)","timestamp":"2025-11-08 09:27:23","url":"/bookings/order/1"}
{"ip":"::ffff:172.18.0.9","level":"error","message":"Không tìm thấy lịch đặt cho đơn hàng này.","method":"GET","service":"studio-service","stack":"Error: Không tìm thấy lịch đặt cho đơn hàng này.\n    at /app/index.js:86:15\n    at process.processTicksAndRejections (node:internal/process/task_queues:95:5)","timestamp":"2025-11-08 09:27:23","url":"/bookings/order/11"}
{"level":"info","message":"Studio Service is running on port 3005","service":"studio-service","timestamp":"2025-11-08 09:31:08"}
{"ip":"::ffff:172.18.0.9","level":"error","message":"Không tìm thấy lịch đặt cho đơn hàng này.","method":"GET","service":"studio-service","stack":"Error: Không tìm thấy lịch đặt cho đơn hàng này.\n    at /app/index.js:86:15\n    at process.processTicksAndRejections (node:internal/process/task_queues:95:5)","timestamp":"2025-11-08 09:31:28","url":"/bookings/order/1"}
{"ip":"::ffff:172.18.0.9","level":"error","message":"Không tìm thấy lịch đặt cho đơn hàng này.","method":"GET","service":"studio-service","stack":"Error: Không tìm thấy lịch đặt cho đơn hàng này.\n    at /app/index.js:86:15\n    at process.processTicksAndRejections (node:internal/process/task_queues:95:5)","timestamp":"2025-11-08 09:31:28","url":"/bookings/order/11"}
{"ip":"::ffff:172.18.0.9","level":"error","message":"Không tìm thấy lịch đặt cho đơn hàng này.","method":"GET","service":"studio-service","stack":"Error: Không tìm thấy lịch đặt cho đơn hàng này.\n    at /app/index.js:86:15\n    at process.processTicksAndRejections (node:internal/process/task_queues:95:5)","timestamp":"2025-11-08 09:36:14","url":"/bookings/order/11"}
{"ip":"::ffff:172.18.0.9","level":"error","message":"Không tìm thấy lịch đặt cho đơn hàng này.","method":"GET","service":"studio-service","stack":"Error: Không tìm thấy lịch đặt cho đơn hàng này.\n    at /app/index.js:86:15\n    at process.processTicksAndRejections (node:internal/process/task_queues:95:5)","timestamp":"2025-11-08 09:36:14","url":"/bookings/order/1"}
{"level":"info","message":"Studio Service is running on port 3005","service":"studio-service","timestamp":"2025-11-11 08:37:58"}
{"level":"info","message":"Studio Service is running on port 3005","service":"studio-service","timestamp":"2025-11-11 08:42:47"}
